0001_0036_0027_0054_0054.jpg 1 36 27 54 54
0002_0026_0060_0028_0028.jpg 1 26 60 28 28
0003_0004_0018_0069_0069.jpg 1 4 18 69 69
0004_0028_0049_0032_0032.jpg 1 28 49 32 32
0005_0026_0051_0032_0032.jpg 1 26 51 32 32
0006_0028_0020_0033_0033.jpg 1 28 20 33 33
0007_0027_0017_0063_0063.jpg 1 27 17 63 63
0008_0006_0020_0060_0060.jpg 1 6 20 60 60
0009_0056_0049_0028_0028.jpg 1 56 49 28 28
0010_0003_0029_0066_0066.jpg 1 3 29 66 66
0011_0019_0010_0069_0069.jpg 1 19 10 69 69
0012_0009_0016_0064_0064.jpg 1 9 16 64 64
0013_0040_0011_0055_0055.jpg 1 40 11 55 55
0014_0062_0048_0029_0029.jpg 1 62 48 29 29
0015_0048_0019_0026_0026.jpg 1 48 19 26 26
0016_0044_0047_0040_0040.jpg 1 44 47 40 40
0017_0013_0021_0069_0069.jpg 1 13 21 69 69
0018_0006_0016_0062_0062.jpg 1 6 16 62 62
0019_0007_0025_0033_0033.jpg 1 7 25 33 33
0020_0012_0014_0062_0062.jpg 1 12 14 62 62
0021_0056_0009_0029_0029.jpg 1 56 9 29 29
0022_0034_0051_0024_0024.jpg 1 34 51 24 24
0023_0014_0016_0027_0027.jpg 1 14 16 27 27
0024_0021_0022_0065_0065.jpg 1 21 22 65 65
0025_0051_0043_0035_0035.jpg 1 51 43 35 35
0026_0015_0037_0037_0037.jpg 1 15 37 37 37
0027_0026_0013_0051_0051.jpg 1 26 13 51 51
0028_0054_0025_0025_0025.jpg 1 54 25 25 25
0029_0017_0043_0050_0050.jpg 1 17 43 50 50
0030_0025_0023_0050_0050.jpg 1 25 23 50 50
0031_0027_0017_0059_0059.jpg 1 27 17 59 59
0032_0013_0031_0030_0030.jpg 1 13 31 30 30
0033_0039_0050_0040_0040.jpg 1 39 50 40 40
0034_0024_0030_0049_0049.jpg 1 24 30 49 49
0035_0020_0013_0039_0039.jpg 1 20 13 39 39
0036_0023_0019_0030_0030.jpg 1 23 19 30 30
0037_0013_0026_0048_0048.jpg 1 13 26 48 48
0038_0017_0037_0050_0050.jpg 1 17 37 50 50
0039_0043_0037_0034_0034.jpg 1 43 37 34 34
0040_0060_0031_0032_0032.jpg 1 60 31 32 32
0041_0008_0026_0027_0027.jpg 1 8 26 27 27
0042_0029_0008_0065_0065.jpg 1 29 8 65 65
0043_0012_0034_0033_0033.jpg 1 12 34 33 33
0044_0011_0055_0032_0032.jpg 1 11 55 32 32
0045_0028_0025_0049_0049.jpg 1 28 25 49 49
0046_0022_0033_0061_0061.jpg 1 22 33 61 61
0047_0033_0039_0047_0047.jpg 1 33 39 47 47
0048_0035_0039_0047_0047.jpg 1 35 39 47 47
0049_0046_0011_0026_0026.jpg 1 46 11 26 26
0050_0053_0027_0029_0029.jpg 1 53 27 29 29
0051_0040_0021_0053_0053.jpg 1 40 21 53 53
0052_0036_0044_0045_0045.jpg 1 36 44 45 45
0053_0014_0024_0037_0037.jpg 1 14 24 37 37
0054_0008_0026_0058_0058.jpg 1 8 26 58 58
0055_0030_0044_0035_0035.jpg 1 30 44 35 35
0056_0051_0017_0026_0026.jpg 1 51 17 26 26
0057_0007_0036_0048_0048.jpg 1 7 36 48 48
0058_0020_0032_0060_0060.jpg 1 20 32 60 60
0059_0033_0017_0041_0041.jpg 1 33 17 41 41
0060_0023_0033_0056_0056.jpg 1 23 33 56 56
0061_0025_0029_0043_0043.jpg 1 25 29 43 43
0062_0026_0023_0063_0063.jpg 1 26 23 63 63
0063_0051_0040_0039_0039.jpg 1 51 40 39 39
0064_0028_0026_0052_0052.jpg 1 28 26 52 52
0065_0019_0042_0043_0043.jpg 1 19 42 43 43
0066_0025_0010_0066_0066.jpg 1 25 10 66 66
0067_0034_0048_0031_0031.jpg 1 34 48 31 31
0068_0030_0006_0057_0057.jpg 1 30 6 57 57
0069_0015_0038_0054_0054.jpg 1 15 38 54 54
0070_0018_0042_0049_0049.jpg 1 18 42 49 49
0071_0039_0046_0037_0037.jpg 1 39 46 37 37
0072_0011_0038_0028_0028.jpg 1 11 38 28 28
0073_0012_0027_0069_0069.jpg 1 12 27 69 69
0074_0008_0046_0048_0048.jpg 1 8 46 48 48
0075_0037_0011_0044_0044.jpg 1 37 11 44 44
0076_0021_0021_0049_0049.jpg 1 21 21 49 49
0077_0013_0048_0024_0024.jpg 1 13 48 24 24
0078_0045_0011_0048_0048.jpg 1 45 11 48 48
0079_0010_0051_0036_0036.jpg 1 10 51 36 36
0080_0020_0029_0053_0053.jpg 1 20 29 53 53
0081_0041_0017_0039_0039.jpg 1 41 17 39 39
0082_0006_0016_0051_0051.jpg 1 6 16 51 51
0083_0012_0041_0054_0054.jpg 1 12 41 54 54
0084_0017_0023_0041_0041.jpg 1 17 23 41 41
0085_0045_0058_0033_0033.jpg 1 45 58 33 33
0086_0026_0012_0028_0028.jpg 1 26 12 28 28
0087_0008_0060_0031_0031.jpg 1 8 60 31 31
0088_0023_0013_0068_0068.jpg 1 23 13 68 68
0089_0034_0016_0044_0044.jpg 1 34 16 44 44
0090_0037_0039_0033_0033.jpg 1 37 39 33 33
0091_0019_0035_0039_0039.jpg 1 19 35 39 39
0092_0005_0041_0047_0047.jpg 1 5 41 47 47
0093_0014_0028_0035_0035.jpg 1 14 28 35 35
0094_0037_0031_0056_0056.jpg 1 37 31 56 56
0095_0027_0010_0048_0048.jpg 1 27 10 48 48
0096_0047_0045_0034_0034.jpg 1 47 45 34 34
0097_0012_0049_0044_0044.jpg 1 12 49 44 44
0098_0005_0031_0047_0047.jpg 1 5 31 47 47
0099_0007_0021_0030_0030.jpg 1 7 21 30 30
0100_0013_0030_0054_0054.jpg 1 13 30 54 54
0101_0013_0032_0036_0036.jpg 1 13 32 36 36
0102_0039_0033_0038_0038.jpg 1 39 33 38 38
0103_0009_0014_0046_0046.jpg 1 9 14 46 46
0104_0038_0022_0056_0056.jpg 1 38 22 56 56
0105_0023_0028_0068_0068.jpg 1 23 28 68 68
0106_0031_0026_0065_0065.jpg 1 31 26 65 65
0107_0043_0055_0028_0028.jpg 1 43 55 28 28
0108_0017_0035_0047_0047.jpg 1 17 35 47 47
0109_0018_0005_0069_0069.jpg 1 18 5 69 69
0110_0057_0016_0032_0032.jpg 1 57 16 32 32
0111_0015_0012_0049_0049.jpg 1 15 12 49 49
0112_0045_0029_0024_0024.jpg 1 45 29 24 24
0113_0042_0046_0045_0045.jpg 1 42 46 45 45
0114_0017_0014_0043_0043.jpg 1 17 14 43 43
0115_0019_0009_0034_0034.jpg 1 19 9 34 34
0116_0037_0015_0053_0053.jpg 1 37 15 53 53
0117_0036_0017_0043_0043.jpg 1 36 17 43 43
0118_0027_0023_0045_0045.jpg 1 27 23 45 45
0119_0020_0023_0060_0060.jpg 1 20 23 60 60
0120_0039_0014_0044_0044.jpg 1 39 14 44 44
0121_0028_0034_0059_0059.jpg 1 28 34 59 59
0122_0030_0042_0031_0031.jpg 1 30 42 31 31
0123_0005_0021_0065_0065.jpg 1 5 21 65 65
0124_0032_0047_0028_0028.jpg 1 32 47 28 28
0125_0038_0021_0050_0050.jpg 1 38 21 50 50
0126_0024_0016_0058_0058.jpg 1 24 16 58 58
0127_0021_0046_0031_0031.jpg 1 21 46 31 31
0128_0008_0022_0061_0061.jpg 1 8 22 61 61
0129_0030_0031_0042_0042.jpg 1 30 31 42 42
0130_0015_0014_0063_0063.jpg 1 15 14 63 63
0131_0014_0021_0056_0056.jpg 1 14 21 56 56
0132_0025_0018_0064_0064.jpg 1 25 18 64 64
0133_0027_0027_0053_0053.jpg 1 27 27 53 53
0134_0034_0017_0049_0049.jpg 1 34 17 49 49
0135_0024_0015_0066_0066.jpg 1 24 15 66 66
0136_0020_0016_0044_0044.jpg 1 20 16 44 44
0137_0005_0026_0052_0052.jpg 1 5 26 52 52
0138_0015_0009_0067_0067.jpg 1 15 9 67 67
0139_0007_0018_0064_0064.jpg 1 7 18 64 64
0140_0019_0027_0068_0068.jpg 1 19 27 68 68
0141_0009_0033_0054_0054.jpg 1 9 33 54 54
0142_0037_0033_0041_0041.jpg 1 37 33 41 41
0143_0034_0042_0046_0046.jpg 1 34 42 46 46
0144_0035_0033_0052_0052.jpg 1 35 33 52 52
0145_0012_0021_0069_0069.jpg 1 12 21 69 69
0146_0017_0038_0053_0053.jpg 1 17 38 53 53
0147_0032_0022_0029_0029.jpg 1 32 22 29 29
0148_0056_0041_0031_0031.jpg 1 56 41 31 31
0149_0008_0009_0058_0058.jpg 1 8 9 58 58
0150_0022_0011_0054_0054.jpg 1 22 11 54 54
0151_0043_0062_0030_0030.jpg 1 43 62 30 30
0152_0044_0016_0047_0047.jpg 1 44 16 47 47
0153_0025_0008_0067_0067.jpg 1 25 8 67 67
0154_0018_0014_0057_0057.jpg 1 18 14 57 57
0155_0041_0020_0052_0052.jpg 1 41 20 52 52
0156_0036_0045_0027_0027.jpg 1 36 45 27 27
0157_0023_0003_0065_0065.jpg 1 23 3 65 65
0158_0013_0043_0035_0035.jpg 1 13 43 35 35
0159_0040_0017_0031_0031.jpg 1 40 17 31 31
0160_0027_0014_0039_0039.jpg 1 27 14 39 39
0161_0011_0008_0066_0066.jpg 1 11 8 66 66
0162_0011_0043_0035_0035.jpg 1 11 43 35 35
0163_0057_0048_0026_0026.jpg 1 57 48 26 26
0164_0011_0030_0051_0051.jpg 1 11 30 51 51
0165_0017_0018_0039_0039.jpg 1 17 18 39 39
0166_0035_0034_0051_0051.jpg 1 35 34 51 51
0167_0043_0009_0043_0043.jpg 1 43 9 43 43
0168_0017_0004_0063_0063.jpg 1 17 4 63 63
0169_0033_0023_0030_0030.jpg 1 33 23 30 30
0170_0014_0051_0043_0043.jpg 1 14 51 43 43
0171_0006_0031_0065_0065.jpg 1 6 31 65 65
0172_0018_0029_0047_0047.jpg 1 18 29 47 47
0173_0008_0047_0047_0047.jpg 1 8 47 47 47
0174_0014_0019_0063_0063.jpg 1 14 19 63 63
0175_0027_0027_0069_0069.jpg 1 27 27 69 69
0176_0014_0025_0050_0050.jpg 1 14 25 50 50
0177_0022_0054_0027_0027.jpg 1 22 54 27 27
0178_0014_0015_0064_0064.jpg 1 14 15 64 64
0179_0030_0026_0046_0046.jpg 1 30 26 46 46
0180_0021_0042_0029_0029.jpg 1 21 42 29 29
0181_0056_0049_0027_0027.jpg 1 56 49 27 27
0182_0032_0037_0025_0025.jpg 1 32 37 25 25
0183_0009_0025_0049_0049.jpg 1 9 25 49 49
0184_0021_0018_0042_0042.jpg 1 21 18 42 42
0185_0043_0036_0024_0024.jpg 1 43 36 24 24
0186_0029_0016_0027_0027.jpg 1 29 16 27 27
0187_0012_0025_0028_0028.jpg 1 12 25 28 28
0188_0026_0021_0049_0049.jpg 1 26 21 49 49
0189_0035_0037_0026_0026.jpg 1 35 37 26 26
0190_0008_0050_0031_0031.jpg 1 8 50 31 31
0191_0027_0005_0068_0068.jpg 1 27 5 68 68
0192_0011_0018_0063_0063.jpg 1 11 18 63 63
0193_0028_0030_0064_0064.jpg 1 28 30 64 64
0194_0048_0018_0032_0032.jpg 1 48 18 32 32
0195_0024_0050_0038_0038.jpg 1 24 50 38 38
0196_0037_0024_0058_0058.jpg 1 37 24 58 58
0197_0009_0015_0033_0033.jpg 1 9 15 33 33
0198_0009_0045_0049_0049.jpg 1 9 45 49 49
0199_0023_0025_0062_0062.jpg 1 23 25 62 62
0200_0048_0021_0044_0044.jpg 1 48 21 44 44
0201_0004_0015_0068_0068.jpg 1 4 15 68 68
0202_0003_0004_0067_0067.jpg 1 3 4 67 67
0203_0008_0025_0060_0060.jpg 1 8 25 60 60
0204_0039_0027_0029_0029.jpg 1 39 27 29 29
0205_0022_0031_0060_0060.jpg 1 22 31 60 60
0206_0024_0023_0069_0069.jpg 1 24 23 69 69
0207_0006_0006_0051_0051.jpg 1 6 6 51 51
0208_0032_0055_0034_0034.jpg 1 32 55 34 34
0209_0005_0011_0063_0063.jpg 1 5 11 63 63
0210_0044_0033_0028_0028.jpg 1 44 33 28 28
0211_0045_0056_0032_0032.jpg 1 45 56 32 32
0212_0025_0052_0041_0041.jpg 1 25 52 41 41
0213_0036_0025_0034_0034.jpg 1 36 25 34 34
0214_0049_0043_0045_0045.jpg 1 49 43 45 45
0215_0015_0016_0031_0031.jpg 1 15 16 31 31
0216_0024_0033_0054_0054.jpg 1 24 33 54 54
0217_0026_0049_0027_0027.jpg 1 26 49 27 27
0218_0028_0014_0067_0067.jpg 1 28 14 67 67
0219_0015_0006_0038_0038.jpg 1 15 6 38 38
0220_0007_0030_0061_0061.jpg 1 7 30 61 61
0221_0012_0023_0057_0057.jpg 1 12 23 57 57
0222_0012_0017_0068_0068.jpg 1 12 17 68 68
0223_0027_0032_0048_0048.jpg 1 27 32 48 48
0224_0011_0012_0060_0060.jpg 1 11 12 60 60
0225_0053_0018_0030_0030.jpg 1 53 18 30 30
0226_0021_0024_0048_0048.jpg 1 21 24 48 48
0227_0007_0011_0064_0064.jpg 1 7 11 64 64
0228_0026_0014_0036_0036.jpg 1 26 14 36 36
0229_0023_0034_0043_0043.jpg 1 23 34 43 43
0230_0016_0032_0049_0049.jpg 1 16 32 49 49
0231_0043_0040_0047_0047.jpg 1 43 40 47 47
0232_0039_0041_0051_0051.jpg 1 39 41 51 51
0233_0007_0018_0069_0069.jpg 1 7 18 69 69
0234_0034_0049_0031_0031.jpg 1 34 49 31 31
0235_0029_0060_0030_0030.jpg 1 29 60 30 30
0236_0041_0013_0052_0052.jpg 1 41 13 52 52
0237_0036_0025_0044_0044.jpg 1 36 25 44 44
0238_0011_0019_0048_0048.jpg 1 11 19 48 48
0239_0028_0019_0033_0033.jpg 1 28 19 33 33
0240_0036_0036_0055_0055.jpg 1 36 36 55 55
0241_0015_0005_0058_0058.jpg 1 15 5 58 58
0242_0050_0015_0030_0030.jpg 1 50 15 30 30
0243_0033_0025_0036_0036.jpg 1 33 25 36 36
0244_0028_0043_0051_0051.jpg 1 28 43 51 51
0245_0025_0003_0065_0065.jpg 1 25 3 65 65
0246_0018_0034_0058_0058.jpg 1 18 34 58 58
0247_0039_0052_0026_0026.jpg 1 39 52 26 26
0248_0031_0011_0033_0033.jpg 1 31 11 33 33
0249_0038_0009_0043_0043.jpg 1 38 9 43 43
0250_0024_0015_0061_0061.jpg 1 24 15 61 61
0251_0049_0010_0027_0027.jpg 1 49 10 27 27
0252_0012_0030_0046_0046.jpg 1 12 30 46 46
0253_0027_0022_0045_0045.jpg 1 27 22 45 45
0254_0036_0017_0055_0055.jpg 1 36 17 55 55
0255_0027_0047_0045_0045.jpg 1 27 47 45 45
0256_0047_0021_0045_0045.jpg 1 47 21 45 45
0257_0027_0021_0031_0031.jpg 1 27 21 31 31
0258_0024_0013_0033_0033.jpg 1 24 13 33 33
0259_0018_0017_0047_0047.jpg 1 18 17 47 47
0260_0044_0007_0044_0044.jpg 1 44 7 44 44
0261_0019_0017_0067_0067.jpg 1 19 17 67 67
0262_0006_0021_0059_0059.jpg 1 6 21 59 59
0263_0011_0005_0053_0053.jpg 1 11 5 53 53
0264_0025_0024_0043_0043.jpg 1 25 24 43 43
0265_0013_0031_0052_0052.jpg 1 13 31 52 52
0266_0026_0061_0026_0026.jpg 1 26 61 26 26
0267_0020_0017_0063_0063.jpg 1 20 17 63 63
0268_0016_0011_0050_0050.jpg 1 16 11 50 50
0269_0007_0040_0048_0048.jpg 1 7 40 48 48
0270_0049_0021_0044_0044.jpg 1 49 21 44 44
0271_0039_0040_0032_0032.jpg 1 39 40 32 32
0272_0006_0025_0043_0043.jpg 1 6 25 43 43
0273_0033_0022_0060_0060.jpg 1 33 22 60 60
0274_0037_0011_0035_0035.jpg 1 37 11 35 35
0275_0011_0036_0057_0057.jpg 1 11 36 57 57
0276_0026_0020_0064_0064.jpg 1 26 20 64 64
0277_0052_0056_0029_0029.jpg 1 52 56 29 29
0278_0025_0031_0065_0065.jpg 1 25 31 65 65
0279_0024_0041_0033_0033.jpg 1 24 41 33 33
0280_0012_0030_0049_0049.jpg 1 12 30 49 49
0281_0005_0025_0056_0056.jpg 1 5 25 56 56
0282_0037_0030_0038_0038.jpg 1 37 30 38 38
0283_0029_0033_0025_0025.jpg 1 29 33 25 25
0284_0047_0016_0027_0027.jpg 1 47 16 27 27
0285_0018_0023_0042_0042.jpg 1 18 23 42 42
0286_0051_0024_0041_0041.jpg 1 51 24 41 41
0287_0016_0012_0040_0040.jpg 1 16 12 40 40
0288_0017_0018_0048_0048.jpg 1 17 18 48 48
0289_0020_0019_0037_0037.jpg 1 20 19 37 37
0290_0017_0018_0043_0043.jpg 1 17 18 43 43
0291_0023_0021_0048_0048.jpg 1 23 21 48 48
0292_0031_0005_0057_0057.jpg 1 31 5 57 57
0293_0012_0040_0036_0036.jpg 1 12 40 36 36
0294_0024_0044_0037_0037.jpg 1 24 44 37 37
0295_0026_0012_0067_0067.jpg 1 26 12 67 67
0296_0008_0052_0025_0025.jpg 1 8 52 25 25
0297_0008_0012_0039_0039.jpg 1 8 12 39 39
0298_0039_0040_0032_0032.jpg 1 39 40 32 32
0299_0058_0049_0030_0030.jpg 1 58 49 30 30
0300_0024_0024_0069_0069.jpg 1 24 24 69 69
0301_0037_0010_0025_0025.jpg 1 37 10 25 25
0302_0020_0021_0044_0044.jpg 1 20 21 44 44
0303_0058_0046_0034_0034.jpg 1 58 46 34 34
0304_0048_0024_0040_0040.jpg 1 48 24 40 40
0305_0034_0050_0041_0041.jpg 1 34 50 41 41
0306_0045_0044_0049_0049.jpg 1 45 44 49 49
0307_0048_0015_0042_0042.jpg 1 48 15 42 42
0308_0013_0026_0069_0069.jpg 1 13 26 69 69
0309_0034_0020_0056_0056.jpg 1 34 20 56 56
0310_0016_0011_0057_0057.jpg 1 16 11 57 57
0311_0047_0026_0044_0044.jpg 1 47 26 44 44
0312_0064_0033_0026_0026.jpg 1 64 33 26 26
0313_0029_0037_0038_0038.jpg 1 29 37 38 38
0314_0044_0033_0048_0048.jpg 1 44 33 48 48
0315_0058_0048_0033_0033.jpg 1 58 48 33 33
0316_0023_0038_0042_0042.jpg 1 23 38 42 42
0317_0022_0019_0068_0068.jpg 1 22 19 68 68
0318_0024_0012_0054_0054.jpg 1 24 12 54 54
0319_0029_0025_0024_0024.jpg 1 29 25 24 24
0320_0027_0014_0054_0054.jpg 1 27 14 54 54
0321_0034_0033_0059_0059.jpg 1 34 33 59 59
0322_0027_0029_0024_0024.jpg 1 27 29 24 24
0323_0022_0027_0032_0032.jpg 1 22 27 32 32
0324_0025_0018_0053_0053.jpg 1 25 18 53 53
0325_0022_0058_0033_0033.jpg 1 22 58 33 33
0326_0035_0023_0036_0036.jpg 1 35 23 36 36
0327_0011_0045_0032_0032.jpg 1 11 45 32 32
0328_0022_0018_0065_0065.jpg 1 22 18 65 65
0329_0008_0031_0031_0031.jpg 1 8 31 31 31
0330_0042_0059_0029_0029.jpg 1 42 59 29 29
0331_0007_0008_0061_0061.jpg 1 7 8 61 61
0332_0034_0047_0034_0034.jpg 1 34 47 34 34
0333_0019_0030_0061_0061.jpg 1 19 30 61 61
0334_0032_0023_0064_0064.jpg 1 32 23 64 64
0335_0022_0031_0051_0051.jpg 1 22 31 51 51
0336_0023_0031_0064_0064.jpg 1 23 31 64 64
0337_0023_0026_0050_0050.jpg 1 23 26 50 50
0338_0024_0034_0044_0044.jpg 1 24 34 44 44
0339_0020_0047_0028_0028.jpg 1 20 47 28 28
0340_0015_0028_0063_0063.jpg 1 15 28 63 63
0341_0051_0040_0035_0035.jpg 1 51 40 35 35
0342_0010_0021_0058_0058.jpg 1 10 21 58 58
0343_0027_0034_0054_0054.jpg 1 27 34 54 54
0344_0009_0055_0036_0036.jpg 1 9 55 36 36
0345_0030_0023_0063_0063.jpg 1 30 23 63 63
0346_0010_0007_0046_0046.jpg 1 10 7 46 46
0347_0015_0015_0067_0067.jpg 1 15 15 67 67
0348_0004_0019_0066_0066.jpg 1 4 19 66 66
0349_0010_0018_0059_0059.jpg 1 10 18 59 59
0350_0025_0028_0050_0050.jpg 1 25 28 50 50
0351_0030_0026_0037_0037.jpg 1 30 26 37 37
0352_0048_0058_0024_0024.jpg 1 48 58 24 24
0353_0011_0035_0028_0028.jpg 1 11 35 28 28
0354_0005_0033_0058_0058.jpg 1 5 33 58 58
0355_0008_0046_0045_0045.jpg 1 8 46 45 45
0356_0032_0015_0064_0064.jpg 1 32 15 64 64
0357_0009_0031_0036_0036.jpg 1 9 31 36 36
0358_0062_0037_0030_0030.jpg 1 62 37 30 30
0359_0056_0050_0024_0024.jpg 1 56 50 24 24
0360_0022_0045_0030_0030.jpg 1 22 45 30 30
0361_0058_0038_0026_0026.jpg 1 58 38 26 26
0362_0020_0019_0060_0060.jpg 1 20 19 60 60
0363_0041_0038_0028_0028.jpg 1 41 38 28 28
0364_0047_0064_0025_0025.jpg 1 47 64 25 25
0365_0041_0034_0049_0049.jpg 1 41 34 49 49
0366_0005_0036_0052_0052.jpg 1 5 36 52 52
0367_0021_0041_0031_0031.jpg 1 21 41 31 31
0368_0007_0034_0028_0028.jpg 1 7 34 28 28
0369_0004_0018_0062_0062.jpg 1 4 18 62 62
0370_0020_0012_0069_0069.jpg 1 20 12 69 69
0371_0004_0034_0059_0059.jpg 1 4 34 59 59
0372_0043_0027_0041_0041.jpg 1 43 27 41 41
0373_0016_0017_0058_0058.jpg 1 16 17 58 58
0374_0009_0014_0064_0064.jpg 1 9 14 64 64
0375_0020_0023_0049_0049.jpg 1 20 23 49 49
0376_0050_0021_0041_0041.jpg 1 50 21 41 41
0377_0013_0044_0047_0047.jpg 1 13 44 47 47
0378_0020_0023_0064_0064.jpg 1 20 23 64 64
0379_0015_0019_0060_0060.jpg 1 15 19 60 60
0380_0033_0014_0062_0062.jpg 1 33 14 62 62
0381_0030_0058_0031_0031.jpg 1 30 58 31 31
0382_0022_0013_0047_0047.jpg 1 22 13 47 47
0383_0020_0012_0053_0053.jpg 1 20 12 53 53
0384_0042_0045_0037_0037.jpg 1 42 45 37 37
0385_0029_0020_0061_0061.jpg 1 29 20 61 61
0386_0038_0035_0056_0056.jpg 1 38 35 56 56
0387_0038_0010_0055_0055.jpg 1 38 10 55 55
0388_0042_0015_0031_0031.jpg 1 42 15 31 31
0389_0019_0041_0047_0047.jpg 1 19 41 47 47
0390_0039_0036_0035_0035.jpg 1 39 36 35 35
0391_0030_0037_0036_0036.jpg 1 30 37 36 36
0392_0013_0017_0051_0051.jpg 1 13 17 51 51
0393_0033_0061_0026_0026.jpg 1 33 61 26 26
0394_0031_0034_0060_0060.jpg 1 31 34 60 60
0395_0008_0033_0059_0059.jpg 1 8 33 59 59
0396_0015_0034_0056_0056.jpg 1 15 34 56 56
0397_0020_0018_0046_0046.jpg 1 20 18 46 46
0398_0027_0025_0056_0056.jpg 1 27 25 56 56
0399_0014_0024_0027_0027.jpg 1 14 24 27 27
0400_0043_0021_0048_0048.jpg 1 43 21 48 48
0401_0047_0058_0025_0025.jpg 1 47 58 25 25
0402_0006_0025_0055_0055.jpg 1 6 25 55 55
0403_0045_0057_0029_0029.jpg 1 45 57 29 29
0404_0009_0023_0055_0055.jpg 1 9 23 55 55
0405_0040_0017_0026_0026.jpg 1 40 17 26 26
0406_0012_0003_0063_0063.jpg 1 12 3 63 63
0407_0030_0046_0045_0045.jpg 1 30 46 45 45
0408_0010_0005_0066_0066.jpg 1 10 5 66 66
0409_0014_0024_0043_0043.jpg 1 14 24 43 43
0410_0019_0005_0060_0060.jpg 1 19 5 60 60
0411_0014_0020_0049_0049.jpg 1 14 20 49 49
0412_0005_0017_0055_0055.jpg 1 5 17 55 55
0413_0034_0017_0054_0054.jpg 1 34 17 54 54
0414_0008_0004_0057_0057.jpg 1 8 4 57 57
0415_0026_0010_0057_0057.jpg 1 26 10 57 57
0416_0015_0034_0060_0060.jpg 1 15 34 60 60
0417_0005_0010_0069_0069.jpg 1 5 10 69 69
0418_0066_0043_0024_0024.jpg 1 66 43 24 24
0419_0053_0051_0037_0037.jpg 1 53 51 37 37
0420_0040_0009_0034_0034.jpg 1 40 9 34 34
0421_0010_0036_0039_0039.jpg 1 10 36 39 39
0422_0036_0027_0058_0058.jpg 1 36 27 58 58
0423_0017_0011_0064_0064.jpg 1 17 11 64 64
0424_0005_0018_0060_0060.jpg 1 5 18 60 60
0425_0019_0036_0057_0057.jpg 1 19 36 57 57
0426_0004_0023_0060_0060.jpg 1 4 23 60 60
0427_0049_0038_0029_0029.jpg 1 49 38 29 29
0428_0022_0020_0040_0040.jpg 1 22 20 40 40
0429_0062_0030_0028_0028.jpg 1 62 30 28 28
0430_0020_0034_0057_0057.jpg 1 20 34 57 57
0431_0009_0019_0055_0055.jpg 1 9 19 55 55
0432_0042_0030_0034_0034.jpg 1 42 30 34 34
0433_0019_0045_0042_0042.jpg 1 19 45 42 42
0434_0032_0049_0030_0030.jpg 1 32 49 30 30
0435_0051_0030_0039_0039.jpg 1 51 30 39 39
0436_0056_0008_0032_0032.jpg 1 56 8 32 32
0437_0031_0062_0029_0029.jpg 1 31 62 29 29
0438_0015_0036_0055_0055.jpg 1 15 36 55 55
0439_0005_0028_0068_0068.jpg 1 5 28 68 68
0440_0027_0009_0047_0047.jpg 1 27 9 47 47
0441_0026_0037_0032_0032.jpg 1 26 37 32 32
0442_0017_0028_0059_0059.jpg 1 17 28 59 59
0443_0046_0053_0037_0037.jpg 1 46 53 37 37
0444_0037_0043_0049_0049.jpg 1 37 43 49 49
0445_0041_0038_0043_0043.jpg 1 41 38 43 43
0446_0023_0040_0043_0043.jpg 1 23 40 43 43
0447_0056_0018_0036_0036.jpg 1 56 18 36 36
0448_0019_0005_0058_0058.jpg 1 19 5 58 58
0449_0026_0023_0064_0064.jpg 1 26 23 64 64
0450_0017_0011_0065_0065.jpg 1 17 11 65 65
0451_0043_0014_0031_0031.jpg 1 43 14 31 31
0452_0033_0008_0061_0061.jpg 1 33 8 61 61
0453_0035_0043_0038_0038.jpg 1 35 43 38 38
0454_0024_0028_0065_0065.jpg 1 24 28 65 65
0455_0006_0037_0056_0056.jpg 1 6 37 56 56
0456_0038_0028_0056_0056.jpg 1 38 28 56 56
0457_0060_0017_0025_0025.jpg 1 60 17 25 25
0458_0013_0019_0038_0038.jpg 1 13 19 38 38
0459_0006_0029_0064_0064.jpg 1 6 29 64 64
0460_0006_0027_0065_0065.jpg 1 6 27 65 65
0461_0020_0011_0068_0068.jpg 1 20 11 68 68
0462_0032_0035_0039_0039.jpg 1 32 35 39 39
0463_0016_0016_0046_0046.jpg 1 16 16 46 46
0464_0011_0017_0051_0051.jpg 1 11 17 51 51
0465_0017_0010_0057_0057.jpg 1 17 10 57 57
0466_0044_0029_0051_0051.jpg 1 44 29 51 51
0467_0011_0016_0067_0067.jpg 1 11 16 67 67
0468_0007_0021_0056_0056.jpg 1 7 21 56 56
0469_0054_0052_0026_0026.jpg 1 54 52 26 26
0470_0019_0029_0029_0029.jpg 1 19 29 29 29
0471_0017_0019_0045_0045.jpg 1 17 19 45 45
0472_0042_0022_0031_0031.jpg 1 42 22 31 31
0473_0030_0009_0064_0064.jpg 1 30 9 64 64
0474_0012_0022_0031_0031.jpg 1 12 22 31 31
0475_0018_0007_0052_0052.jpg 1 18 7 52 52
0476_0050_0042_0042_0042.jpg 1 50 42 42 42
0477_0014_0037_0037_0037.jpg 1 14 37 37 37
0478_0043_0012_0028_0028.jpg 1 43 12 28 28
0479_0010_0026_0061_0061.jpg 1 10 26 61 61
0480_0023_0034_0028_0028.jpg 1 23 34 28 28
0481_0027_0018_0033_0033.jpg 1 27 18 33 33
0482_0050_0006_0039_0039.jpg 1 50 6 39 39
0483_0033_0059_0033_0033.jpg 1 33 59 33 33
0484_0031_0030_0057_0057.jpg 1 31 30 57 57
0485_0061_0047_0029_0029.jpg 1 61 47 29 29
0486_0020_0008_0049_0049.jpg 1 20 8 49 49
0487_0009_0022_0063_0063.jpg 1 9 22 63 63
0488_0041_0028_0050_0050.jpg 1 41 28 50 50
0489_0013_0018_0064_0064.jpg 1 13 18 64 64
0490_0032_0050_0033_0033.jpg 1 32 50 33 33
0491_0022_0012_0030_0030.jpg 1 22 12 30 30
0492_0044_0021_0030_0030.jpg 1 44 21 30 30
0493_0007_0047_0035_0035.jpg 1 7 47 35 35
0494_0008_0026_0049_0049.jpg 1 8 26 49 49
0495_0030_0039_0037_0037.jpg 1 30 39 37 37
0496_0027_0037_0050_0050.jpg 1 27 37 50 50
0497_0021_0026_0057_0057.jpg 1 21 26 57 57
0498_0012_0016_0041_0041.jpg 1 12 16 41 41
0499_0014_0044_0026_0026.jpg 1 14 44 26 26
0500_0043_0022_0040_0040.jpg 1 43 22 40 40
0501_0025_0016_0056_0056.jpg 1 25 16 56 56
0502_0015_0029_0048_0048.jpg 1 15 29 48 48
0503_0054_0018_0031_0031.jpg 1 54 18 31 31
0504_0011_0032_0060_0060.jpg 1 11 32 60 60
0505_0038_0034_0055_0055.jpg 1 38 34 55 55
0506_0044_0040_0024_0024.jpg 1 44 40 24 24
0507_0039_0054_0032_0032.jpg 1 39 54 32 32
0508_0007_0008_0063_0063.jpg 1 7 8 63 63
0509_0016_0006_0052_0052.jpg 1 16 6 52 52
0510_0020_0030_0060_0060.jpg 1 20 30 60 60
0511_0030_0016_0065_0065.jpg 1 30 16 65 65
0512_0033_0011_0056_0056.jpg 1 33 11 56 56
0513_0014_0020_0024_0024.jpg 1 14 20 24 24
0514_0044_0038_0050_0050.jpg 1 44 38 50 50
0515_0019_0014_0066_0066.jpg 1 19 14 66 66
0516_0025_0005_0056_0056.jpg 1 25 5 56 56
0517_0009_0025_0037_0037.jpg 1 9 25 37 37
0518_0046_0023_0028_0028.jpg 1 46 23 28 28
0519_0027_0011_0030_0030.jpg 1 27 11 30 30
0520_0018_0013_0031_0031.jpg 1 18 13 31 31
0521_0021_0024_0030_0030.jpg 1 21 24 30 30
0522_0025_0022_0030_0030.jpg 1 25 22 30 30
0523_0024_0019_0025_0025.jpg 1 24 19 25 25
0524_0018_0005_0069_0069.jpg 1 18 5 69 69
0525_0034_0007_0037_0037.jpg 1 34 7 37 37
0526_0057_0048_0030_0030.jpg 1 57 48 30 30
0527_0061_0058_0030_0030.jpg 1 61 58 30 30
0528_0017_0051_0035_0035.jpg 1 17 51 35 35
0529_0007_0019_0067_0067.jpg 1 7 19 67 67
0530_0038_0007_0040_0040.jpg 1 38 7 40 40
0531_0032_0022_0057_0057.jpg 1 32 22 57 57
0532_0044_0047_0030_0030.jpg 1 44 47 30 30
0533_0031_0016_0065_0065.jpg 1 31 16 65 65
0534_0049_0022_0025_0025.jpg 1 49 22 25 25
0535_0057_0037_0024_0024.jpg 1 57 37 24 24
0536_0035_0025_0054_0054.jpg 1 35 25 54 54
0537_0020_0011_0069_0069.jpg 1 20 11 69 69
0538_0022_0018_0051_0051.jpg 1 22 18 51 51
0539_0017_0027_0064_0064.jpg 1 17 27 64 64
0540_0028_0047_0033_0033.jpg 1 28 47 33 33
0541_0036_0010_0056_0056.jpg 1 36 10 56 56
0542_0027_0030_0058_0058.jpg 1 27 30 58 58
0543_0012_0011_0067_0067.jpg 1 12 11 67 67
0544_0015_0030_0055_0055.jpg 1 15 30 55 55
0545_0023_0060_0026_0026.jpg 1 23 60 26 26
0546_0027_0041_0053_0053.jpg 1 27 41 53 53
0547_0028_0036_0043_0043.jpg 1 28 36 43 43
0548_0052_0019_0033_0033.jpg 1 52 19 33 33
0549_0028_0049_0032_0032.jpg 1 28 49 32 32
0550_0043_0051_0031_0031.jpg 1 43 51 31 31
0551_0026_0015_0051_0051.jpg 1 26 15 51 51
0552_0031_0015_0065_0065.jpg 1 31 15 65 65
0553_0028_0030_0025_0025.jpg 1 28 30 25 25
0554_0043_0031_0051_0051.jpg 1 43 31 51 51
0555_0035_0043_0038_0038.jpg 1 35 43 38 38
0556_0044_0039_0046_0046.jpg 1 44 39 46 46
0557_0009_0014_0065_0065.jpg 1 9 14 65 65
0558_0039_0033_0051_0051.jpg 1 39 33 51 51
0559_0005_0033_0059_0059.jpg 1 5 33 59 59
0560_0006_0036_0058_0058.jpg 1 6 36 58 58
0561_0022_0030_0062_0062.jpg 1 22 30 62 62
0562_0030_0020_0054_0054.jpg 1 30 20 54 54
0563_0023_0011_0046_0046.jpg 1 23 11 46 46
0564_0021_0016_0063_0063.jpg 1 21 16 63 63
0565_0043_0044_0024_0024.jpg 1 43 44 24 24
0566_0015_0029_0029_0029.jpg 1 15 29 29 29
0567_0012_0008_0057_0057.jpg 1 12 8 57 57
0568_0005_0032_0048_0048.jpg 1 5 32 48 48
0569_0050_0008_0039_0039.jpg 1 50 8 39 39
0570_0030_0020_0042_0042.jpg 1 30 20 42 42
0571_0008_0013_0069_0069.jpg 1 8 13 69 69
0572_0011_0024_0054_0054.jpg 1 11 24 54 54
0573_0020_0008_0068_0068.jpg 1 20 8 68 68
0574_0017_0024_0069_0069.jpg 1 17 24 69 69
0575_0031_0024_0058_0058.jpg 1 31 24 58 58
0576_0050_0025_0038_0038.jpg 1 50 25 38 38
0577_0046_0023_0026_0026.jpg 1 46 23 26 26
0578_0037_0008_0051_0051.jpg 1 37 8 51 51
0579_0021_0025_0059_0059.jpg 1 21 25 59 59
0580_0026_0060_0032_0032.jpg 1 26 60 32 32
0581_0009_0028_0026_0026.jpg 1 9 28 26 26
0582_0050_0051_0025_0025.jpg 1 50 51 25 25
0583_0010_0019_0054_0054.jpg 1 10 19 54 54
0584_0016_0019_0037_0037.jpg 1 16 19 37 37
0585_0014_0039_0037_0037.jpg 1 14 39 37 37
0586_0031_0039_0040_0040.jpg 1 31 39 40 40
0587_0056_0053_0026_0026.jpg 1 56 53 26 26
0588_0050_0025_0026_0026.jpg 1 50 25 26 26
0589_0017_0004_0063_0063.jpg 1 17 4 63 63
0590_0052_0006_0041_0041.jpg 1 52 6 41 41
0591_0039_0054_0027_0027.jpg 1 39 54 27 27
0592_0019_0053_0028_0028.jpg 1 19 53 28 28
0593_0008_0052_0031_0031.jpg 1 8 52 31 31
0594_0060_0038_0029_0029.jpg 1 60 38 29 29
0595_0008_0012_0054_0054.jpg 1 8 12 54 54
0596_0059_0036_0032_0032.jpg 1 59 36 32 32
0597_0025_0030_0047_0047.jpg 1 25 30 47 47
0598_0033_0018_0047_0047.jpg 1 33 18 47 47
0599_0032_0020_0061_0061.jpg 1 32 20 61 61
0600_0011_0021_0055_0055.jpg 1 11 21 55 55
0601_0039_0013_0037_0037.jpg 1 39 13 37 37
0602_0019_0019_0061_0061.jpg 1 19 19 61 61
0603_0035_0027_0060_0060.jpg 1 35 27 60 60
0604_0033_0011_0056_0056.jpg 1 33 11 56 56
0605_0010_0025_0053_0053.jpg 1 10 25 53 53
0606_0039_0038_0047_0047.jpg 1 39 38 47 47
0607_0045_0052_0038_0038.jpg 1 45 52 38 38
0608_0020_0046_0028_0028.jpg 1 20 46 28 28
0609_0018_0024_0049_0049.jpg 1 18 24 49 49
0610_0010_0019_0042_0042.jpg 1 10 19 42 42
0611_0024_0024_0052_0052.jpg 1 24 24 52 52
0612_0048_0025_0037_0037.jpg 1 48 25 37 37
0613_0020_0023_0037_0037.jpg 1 20 23 37 37
0614_0014_0020_0068_0068.jpg 1 14 20 68 68
0615_0044_0008_0044_0044.jpg 1 44 8 44 44
0616_0038_0022_0025_0025.jpg 1 38 22 25 25
0617_0037_0044_0039_0039.jpg 1 37 44 39 39
0618_0007_0053_0036_0036.jpg 1 7 53 36 36
0619_0022_0018_0063_0063.jpg 1 22 18 63 63
0620_0030_0016_0034_0034.jpg 1 30 16 34 34
0621_0047_0005_0046_0046.jpg 1 47 5 46 46
0622_0023_0015_0053_0053.jpg 1 23 15 53 53
0623_0026_0016_0060_0060.jpg 1 26 16 60 60
0624_0034_0007_0042_0042.jpg 1 34 7 42 42
0625_0028_0024_0042_0042.jpg 1 28 24 42 42
0626_0028_0013_0054_0054.jpg 1 28 13 54 54
0627_0052_0017_0031_0031.jpg 1 52 17 31 31
0628_0027_0024_0063_0063.jpg 1 27 24 63 63
0629_0038_0021_0052_0052.jpg 1 38 21 52 52
0630_0053_0011_0036_0036.jpg 1 53 11 36 36
0631_0035_0009_0040_0040.jpg 1 35 9 40 40
0632_0033_0039_0056_0056.jpg 1 33 39 56 56
0633_0013_0020_0041_0041.jpg 1 13 20 41 41
0634_0014_0017_0050_0050.jpg 1 14 17 50 50
0635_0028_0003_0067_0067.jpg 1 28 3 67 67
0636_0025_0020_0056_0056.jpg 1 25 20 56 56
0637_0009_0014_0065_0065.jpg 1 9 14 65 65
0638_0051_0029_0035_0035.jpg 1 51 29 35 35
0639_0035_0012_0052_0052.jpg 1 35 12 52 52
0640_0014_0004_0067_0067.jpg 1 14 4 67 67
0641_0008_0034_0053_0053.jpg 1 8 34 53 53
0642_0012_0038_0043_0043.jpg 1 12 38 43 43
0643_0020_0020_0069_0069.jpg 1 20 20 69 69
0644_0011_0031_0027_0027.jpg 1 11 31 27 27
0645_0024_0029_0050_0050.jpg 1 24 29 50 50
0646_0010_0033_0056_0056.jpg 1 10 33 56 56
0647_0054_0043_0038_0038.jpg 1 54 43 38 38
0648_0009_0034_0045_0045.jpg 1 9 34 45 45
0649_0023_0034_0056_0056.jpg 1 23 34 56 56
0650_0007_0039_0027_0027.jpg 1 7 39 27 27
0651_0004_0004_0058_0058.jpg 1 4 4 58 58
0652_0009_0026_0057_0057.jpg 1 9 26 57 57
0653_0049_0038_0043_0043.jpg 1 49 38 43 43
0654_0019_0063_0025_0025.jpg 1 19 63 25 25
0655_0018_0004_0067_0067.jpg 1 18 4 67 67
0656_0045_0011_0028_0028.jpg 1 45 11 28 28
0657_0020_0012_0046_0046.jpg 1 20 12 46 46
0658_0030_0011_0057_0057.jpg 1 30 11 57 57
0659_0024_0030_0053_0053.jpg 1 24 30 53 53
0660_0044_0019_0048_0048.jpg 1 44 19 48 48
0661_0014_0028_0043_0043.jpg 1 14 28 43 43
0662_0016_0027_0034_0034.jpg 1 16 27 34 34
0663_0014_0026_0065_0065.jpg 1 14 26 65 65
0664_0035_0023_0054_0054.jpg 1 35 23 54 54
0665_0039_0042_0053_0053.jpg 1 39 42 53 53
0666_0008_0035_0027_0027.jpg 1 8 35 27 27
0667_0010_0027_0069_0069.jpg 1 10 27 69 69
0668_0027_0014_0051_0051.jpg 1 27 14 51 51
0669_0044_0041_0027_0027.jpg 1 44 41 27 27
0670_0007_0006_0039_0039.jpg 1 7 6 39 39
0671_0007_0029_0031_0031.jpg 1 7 29 31 31
0672_0031_0032_0040_0040.jpg 1 31 32 40 40
0673_0021_0015_0067_0067.jpg 1 21 15 67 67
0674_0051_0024_0029_0029.jpg 1 51 24 29 29
0675_0030_0008_0062_0062.jpg 1 30 8 62 62
0676_0019_0023_0067_0067.jpg 1 19 23 67 67
0677_0036_0010_0036_0036.jpg 1 36 10 36 36
0678_0030_0010_0061_0061.jpg 1 30 10 61 61
0679_0020_0055_0035_0035.jpg 1 20 55 35 35
0680_0019_0007_0069_0069.jpg 1 19 7 69 69
0681_0021_0016_0046_0046.jpg 1 21 16 46 46
0682_0030_0037_0049_0049.jpg 1 30 37 49 49
0683_0015_0036_0045_0045.jpg 1 15 36 45 45
0684_0029_0041_0024_0024.jpg 1 29 41 24 24
0685_0023_0031_0060_0060.jpg 1 23 31 60 60
0686_0047_0034_0028_0028.jpg 1 47 34 28 28
0687_0026_0020_0052_0052.jpg 1 26 20 52 52
0688_0027_0037_0043_0043.jpg 1 27 37 43 43
0689_0052_0060_0024_0024.jpg 1 52 60 24 24
0690_0034_0009_0026_0026.jpg 1 34 9 26 26
0691_0039_0019_0044_0044.jpg 1 39 19 44 44
0692_0037_0028_0048_0048.jpg 1 37 28 48 48
0693_0023_0024_0067_0067.jpg 1 23 24 67 67
0694_0017_0018_0067_0067.jpg 1 17 18 67 67
0695_0047_0013_0047_0047.jpg 1 47 13 47 47
0696_0034_0016_0032_0032.jpg 1 34 16 32 32
0697_0013_0019_0053_0053.jpg 1 13 19 53 53
0698_0042_0037_0043_0043.jpg 1 42 37 43 43
0699_0030_0031_0033_0033.jpg 1 30 31 33 33
0700_0023_0011_0060_0060.jpg 1 23 11 60 60
0701_0021_0024_0067_0067.jpg 1 21 24 67 67
0702_0015_0051_0024_0024.jpg 1 15 51 24 24
0703_0045_0026_0034_0034.jpg 1 45 26 34 34
0704_0009_0030_0054_0054.jpg 1 9 30 54 54
0705_0055_0012_0038_0038.jpg 1 55 12 38 38
0706_0016_0024_0062_0062.jpg 1 16 24 62 62
0707_0036_0019_0036_0036.jpg 1 36 19 36 36
0708_0041_0031_0031_0031.jpg 1 41 31 31 31
0709_0055_0026_0028_0028.jpg 1 55 26 28 28
0710_0011_0011_0051_0051.jpg 1 11 11 51 51
0711_0062_0050_0029_0029.jpg 1 62 50 29 29
0712_0006_0042_0047_0047.jpg 1 6 42 47 47
0713_0026_0021_0050_0050.jpg 1 26 21 50 50
0714_0024_0023_0036_0036.jpg 1 24 23 36 36
0715_0036_0017_0032_0032.jpg 1 36 17 32 32
0716_0031_0008_0059_0059.jpg 1 31 8 59 59
0717_0009_0033_0053_0053.jpg 1 9 33 53 53
0718_0028_0054_0036_0036.jpg 1 28 54 36 36
0719_0015_0005_0057_0057.jpg 1 15 5 57 57
0720_0025_0015_0030_0030.jpg 1 25 15 30 30
0721_0047_0011_0035_0035.jpg 1 47 11 35 35
0722_0021_0014_0053_0053.jpg 1 21 14 53 53
0723_0032_0013_0060_0060.jpg 1 32 13 60 60
0724_0042_0038_0027_0027.jpg 1 42 38 27 27
0725_0017_0008_0042_0042.jpg 1 17 8 42 42
0726_0008_0010_0068_0068.jpg 1 8 10 68 68
0727_0014_0016_0066_0066.jpg 1 14 16 66 66
0728_0037_0017_0038_0038.jpg 1 37 17 38 38
0729_0047_0027_0041_0041.jpg 1 47 27 41 41
0730_0044_0033_0045_0045.jpg 1 44 33 45 45
0731_0006_0016_0062_0062.jpg 1 6 16 62 62
0732_0019_0015_0068_0068.jpg 1 19 15 68 68
0733_0025_0013_0059_0059.jpg 1 25 13 59 59
0734_0020_0026_0067_0067.jpg 1 20 26 67 67
0735_0034_0043_0035_0035.jpg 1 34 43 35 35
0736_0021_0057_0034_0034.jpg 1 21 57 34 34
0737_0012_0030_0055_0055.jpg 1 12 30 55 55
0738_0052_0034_0025_0025.jpg 1 52 34 25 25
0739_0021_0006_0066_0066.jpg 1 21 6 66 66
0740_0026_0017_0057_0057.jpg 1 26 17 57 57
0741_0056_0013_0037_0037.jpg 1 56 13 37 37
0742_0035_0021_0046_0046.jpg 1 35 21 46 46
0743_0015_0025_0058_0058.jpg 1 15 25 58 58
0744_0035_0009_0047_0047.jpg 1 35 9 47 47
0745_0016_0013_0067_0067.jpg 1 16 13 67 67
0746_0008_0024_0069_0069.jpg 1 8 24 69 69
0747_0018_0042_0033_0033.jpg 1 18 42 33 33
0748_0007_0017_0051_0051.jpg 1 7 17 51 51
0749_0023_0023_0059_0059.jpg 1 23 23 59 59
0750_0015_0005_0057_0057.jpg 1 15 5 57 57
0751_0027_0024_0069_0069.jpg 1 27 24 69 69
0752_0006_0013_0054_0054.jpg 1 6 13 54 54
0753_0035_0019_0038_0038.jpg 1 35 19 38 38
0754_0032_0012_0058_0058.jpg 1 32 12 58 58
0755_0032_0030_0041_0041.jpg 1 32 30 41 41
0756_0030_0025_0040_0040.jpg 1 30 25 40 40
0757_0019_0033_0052_0052.jpg 1 19 33 52 52
0758_0012_0030_0062_0062.jpg 1 12 30 62 62
0759_0015_0015_0067_0067.jpg 1 15 15 67 67
0760_0030_0054_0027_0027.jpg 1 30 54 27 27
0761_0054_0020_0031_0031.jpg 1 54 20 31 31
0762_0006_0013_0054_0054.jpg 1 6 13 54 54
0763_0048_0050_0030_0030.jpg 1 48 50 30 30
0764_0006_0012_0062_0062.jpg 1 6 12 62 62
0765_0009_0030_0050_0050.jpg 1 9 30 50 50
0766_0035_0017_0053_0053.jpg 1 35 17 53 53
0767_0024_0027_0054_0054.jpg 1 24 27 54 54
0768_0010_0017_0063_0063.jpg 1 10 17 63 63
0769_0034_0013_0032_0032.jpg 1 34 13 32 32
0770_0024_0009_0026_0026.jpg 1 24 9 26 26
0771_0017_0028_0058_0058.jpg 1 17 28 58 58
0772_0030_0039_0029_0029.jpg 1 30 39 29 29
0773_0039_0038_0037_0037.jpg 1 39 38 37 37
0774_0050_0053_0032_0032.jpg 1 50 53 32 32
0775_0013_0012_0055_0055.jpg 1 13 12 55 55
0776_0013_0036_0026_0026.jpg 1 13 36 26 26
0777_0013_0010_0050_0050.jpg 1 13 10 50 50
0778_0028_0005_0057_0057.jpg 1 28 5 57 57
0779_0007_0037_0054_0054.jpg 1 7 37 54 54
0780_0036_0024_0053_0053.jpg 1 36 24 53 53
0781_0045_0052_0028_0028.jpg 1 45 52 28 28
0782_0009_0013_0056_0056.jpg 1 9 13 56 56
0783_0040_0020_0053_0053.jpg 1 40 20 53 53
0784_0008_0039_0043_0043.jpg 1 8 39 43 43
0785_0030_0056_0031_0031.jpg 1 30 56 31 31
0786_0045_0041_0026_0026.jpg 1 45 41 26 26
0787_0017_0005_0057_0057.jpg 1 17 5 57 57
0788_0014_0026_0048_0048.jpg 1 14 26 48 48
0789_0058_0050_0025_0025.jpg 1 58 50 25 25
0790_0037_0027_0031_0031.jpg 1 37 27 31 31
0791_0021_0023_0065_0065.jpg 1 21 23 65 65
0792_0022_0006_0059_0059.jpg 1 22 6 59 59
0793_0018_0007_0046_0046.jpg 1 18 7 46 46
0794_0035_0016_0059_0059.jpg 1 35 16 59 59
0795_0030_0022_0055_0055.jpg 1 30 22 55 55
0796_0040_0029_0037_0037.jpg 1 40 29 37 37
0797_0020_0050_0034_0034.jpg 1 20 50 34 34
0798_0046_0046_0047_0047.jpg 1 46 46 47 47
0799_0015_0016_0034_0034.jpg 1 15 16 34 34
0800_0021_0021_0055_0055.jpg 1 21 21 55 55
0801_0004_0034_0053_0053.jpg 1 4 34 53 53
0802_0039_0006_0056_0056.jpg 1 39 6 56 56
0803_0004_0019_0063_0063.jpg 1 4 19 63 63
0804_0008_0019_0052_0052.jpg 1 8 19 52 52
0805_0033_0009_0036_0036.jpg 1 33 9 36 36
0806_0026_0007_0053_0053.jpg 1 26 7 53 53
0807_0011_0030_0066_0066.jpg 1 11 30 66 66
0808_0054_0063_0025_0025.jpg 1 54 63 25 25
0809_0009_0032_0063_0063.jpg 1 9 32 63 63
0810_0010_0017_0051_0051.jpg 1 10 17 51 51
0811_0018_0021_0047_0047.jpg 1 18 21 47 47
0812_0014_0031_0027_0027.jpg 1 14 31 27 27
0813_0010_0019_0031_0031.jpg 1 10 19 31 31
0814_0034_0027_0046_0046.jpg 1 34 27 46 46
0815_0007_0022_0068_0068.jpg 1 7 22 68 68
0816_0035_0062_0028_0028.jpg 1 35 62 28 28
0817_0025_0019_0025_0025.jpg 1 25 19 25 25
0818_0037_0033_0045_0045.jpg 1 37 33 45 45
0819_0017_0035_0057_0057.jpg 1 17 35 57 57
0820_0012_0010_0029_0029.jpg 1 12 10 29 29
0821_0016_0044_0045_0045.jpg 1 16 44 45 45
0822_0029_0027_0049_0049.jpg 1 29 27 49 49
0823_0035_0019_0053_0053.jpg 1 35 19 53 53
0824_0018_0040_0038_0038.jpg 1 18 40 38 38
0825_0028_0011_0031_0031.jpg 1 28 11 31 31
0826_0017_0046_0042_0042.jpg 1 17 46 42 42
0827_0058_0050_0035_0035.jpg 1 58 50 35 35
0828_0026_0018_0051_0051.jpg 1 26 18 51 51
0829_0044_0040_0035_0035.jpg 1 44 40 35 35
0830_0022_0018_0050_0050.jpg 1 22 18 50 50
0831_0030_0027_0062_0062.jpg 1 30 27 62 62
0832_0036_0009_0036_0036.jpg 1 36 9 36 36
0833_0026_0028_0065_0065.jpg 1 26 28 65 65
0834_0053_0017_0039_0039.jpg 1 53 17 39 39
0835_0022_0022_0055_0055.jpg 1 22 22 55 55
0836_0029_0020_0048_0048.jpg 1 29 20 48 48
0837_0052_0021_0032_0032.jpg 1 52 21 32 32
0838_0048_0030_0043_0043.jpg 1 48 30 43 43
0839_0008_0018_0067_0067.jpg 1 8 18 67 67
0840_0013_0017_0028_0028.jpg 1 13 17 28 28
0841_0034_0036_0056_0056.jpg 1 34 36 56 56
0842_0030_0018_0031_0031.jpg 1 30 18 31 31
0843_0007_0034_0053_0053.jpg 1 7 34 53 53
0844_0035_0038_0031_0031.jpg 1 35 38 31 31
0845_0050_0043_0036_0036.jpg 1 50 43 36 36
0846_0025_0024_0059_0059.jpg 1 25 24 59 59
0847_0053_0044_0031_0031.jpg 1 53 44 31 31
0848_0031_0007_0055_0055.jpg 1 31 7 55 55
0849_0019_0036_0037_0037.jpg 1 19 36 37 37
0850_0017_0016_0032_0032.jpg 1 17 16 32 32
0851_0021_0019_0063_0063.jpg 1 21 19 63 63
0852_0035_0011_0059_0059.jpg 1 35 11 59 59
0853_0025_0015_0025_0025.jpg 1 25 15 25 25
0854_0024_0011_0065_0065.jpg 1 24 11 65 65
0855_0053_0039_0028_0028.jpg 1 53 39 28 28
0856_0020_0026_0064_0064.jpg 1 20 26 64 64
0857_0009_0061_0025_0025.jpg 1 9 61 25 25
0858_0038_0021_0046_0046.jpg 1 38 21 46 46
0859_0030_0037_0038_0038.jpg 1 30 37 38 38
0860_0025_0034_0052_0052.jpg 1 25 34 52 52
0861_0041_0024_0025_0025.jpg 1 41 24 25 25
0862_0018_0026_0030_0030.jpg 1 18 26 30 30
0863_0031_0012_0044_0044.jpg 1 31 12 44 44
0864_0033_0033_0039_0039.jpg 1 33 33 39 39
0865_0024_0042_0041_0041.jpg 1 24 42 41 41
0866_0010_0016_0067_0067.jpg 1 10 16 67 67
0867_0008_0035_0026_0026.jpg 1 8 35 26 26
0868_0006_0022_0052_0052.jpg 1 6 22 52 52
0869_0006_0010_0068_0068.jpg 1 6 10 68 68
0870_0043_0040_0031_0031.jpg 1 43 40 31 31
0871_0022_0013_0068_0068.jpg 1 22 13 68 68
0872_0028_0043_0036_0036.jpg 1 28 43 36 36
0873_0058_0049_0025_0025.jpg 1 58 49 25 25
0874_0037_0019_0054_0054.jpg 1 37 19 54 54
0875_0024_0014_0067_0067.jpg 1 24 14 67 67
0876_0014_0012_0057_0057.jpg 1 14 12 57 57
0877_0018_0020_0061_0061.jpg 1 18 20 61 61
0878_0018_0009_0034_0034.jpg 1 18 9 34 34
0879_0033_0008_0060_0060.jpg 1 33 8 60 60
0880_0026_0015_0066_0066.jpg 1 26 15 66 66
0881_0031_0036_0049_0049.jpg 1 31 36 49 49
0882_0005_0024_0068_0068.jpg 1 5 24 68 68
0883_0015_0027_0031_0031.jpg 1 15 27 31 31
0884_0024_0030_0041_0041.jpg 1 24 30 41 41
0885_0005_0041_0053_0053.jpg 1 5 41 53 53
0886_0033_0050_0027_0027.jpg 1 33 50 27 27
0887_0051_0059_0024_0024.jpg 1 51 59 24 24
0888_0023_0020_0043_0043.jpg 1 23 20 43 43
0889_0022_0042_0039_0039.jpg 1 22 42 39 39
0890_0022_0012_0032_0032.jpg 1 22 12 32 32
0891_0021_0022_0052_0052.jpg 1 21 22 52 52
0892_0028_0041_0051_0051.jpg 1 28 41 51 51
0893_0029_0026_0024_0024.jpg 1 29 26 24 24
0894_0011_0023_0062_0062.jpg 1 11 23 62 62
0895_0011_0037_0035_0035.jpg 1 11 37 35 35
0896_0018_0035_0029_0029.jpg 1 18 35 29 29
0897_0059_0013_0029_0029.jpg 1 59 13 29 29
0898_0026_0005_0062_0062.jpg 1 26 5 62 62
0899_0025_0017_0049_0049.jpg 1 25 17 49 49
0900_0031_0004_0063_0063.jpg 1 31 4 63 63
0901_0049_0035_0026_0026.jpg 1 49 35 26 26
0902_0023_0036_0054_0054.jpg 1 23 36 54 54
0903_0017_0006_0069_0069.jpg 1 17 6 69 69
0904_0036_0018_0059_0059.jpg 1 36 18 59 59
0905_0056_0031_0029_0029.jpg 1 56 31 29 29
0906_0032_0016_0057_0057.jpg 1 32 16 57 57
0907_0026_0027_0050_0050.jpg 1 26 27 50 50
0908_0032_0006_0038_0038.jpg 1 32 6 38 38
0909_0027_0019_0044_0044.jpg 1 27 19 44 44
0910_0051_0019_0039_0039.jpg 1 51 19 39 39
0911_0018_0010_0042_0042.jpg 1 18 10 42 42
0912_0064_0040_0024_0024.jpg 1 64 40 24 24
0913_0027_0027_0058_0058.jpg 1 27 27 58 58
0914_0035_0049_0026_0026.jpg 1 35 49 26 26
0915_0016_0012_0060_0060.jpg 1 16 12 60 60
0916_0030_0015_0051_0051.jpg 1 30 15 51 51
0917_0012_0019_0065_0065.jpg 1 12 19 65 65
0918_0019_0037_0051_0051.jpg 1 19 37 51 51
0919_0010_0007_0067_0067.jpg 1 10 7 67 67
0920_0009_0013_0053_0053.jpg 1 9 13 53 53
0921_0016_0023_0050_0050.jpg 1 16 23 50 50
0922_0004_0026_0058_0058.jpg 1 4 26 58 58
0923_0012_0034_0034_0034.jpg 1 12 34 34 34
0924_0023_0028_0062_0062.jpg 1 23 28 62 62
0925_0025_0014_0027_0027.jpg 1 25 14 27 27
0926_0034_0023_0056_0056.jpg 1 34 23 56 56
0927_0016_0011_0067_0067.jpg 1 16 11 67 67
0928_0046_0022_0043_0043.jpg 1 46 22 43 43
0929_0005_0003_0066_0066.jpg 1 5 3 66 66
0930_0022_0008_0069_0069.jpg 1 22 8 69 69
0931_0031_0039_0038_0038.jpg 1 31 39 38 38
0932_0007_0012_0065_0065.jpg 1 7 12 65 65
0933_0036_0046_0042_0042.jpg 1 36 46 42 42
0934_0036_0017_0048_0048.jpg 1 36 17 48 48
0935_0004_0018_0068_0068.jpg 1 4 18 68 68
0936_0005_0025_0056_0056.jpg 1 5 25 56 56
0937_0004_0031_0059_0059.jpg 1 4 31 59 59
0938_0019_0036_0057_0057.jpg 1 19 36 57 57
0939_0029_0049_0027_0027.jpg 1 29 49 27 27
0940_0047_0043_0041_0041.jpg 1 47 43 41 41
0941_0013_0047_0039_0039.jpg 1 13 47 39 39
0942_0056_0006_0034_0034.jpg 1 56 6 34 34
0943_0035_0041_0025_0025.jpg 1 35 41 25 25
0944_0023_0031_0059_0059.jpg 1 23 31 59 59
0945_0008_0031_0035_0035.jpg 1 8 31 35 35
0946_0038_0055_0027_0027.jpg 1 38 55 27 27
0947_0020_0026_0069_0069.jpg 1 20 26 69 69
0948_0027_0023_0048_0048.jpg 1 27 23 48 48
0949_0006_0007_0048_0048.jpg 1 6 7 48 48
0950_0015_0019_0063_0063.jpg 1 15 19 63 63
0951_0046_0008_0040_0040.jpg 1 46 8 40 40
0952_0050_0008_0033_0033.jpg 1 50 8 33 33
0953_0015_0022_0060_0060.jpg 1 15 22 60 60
0954_0027_0020_0063_0063.jpg 1 27 20 63 63
0955_0017_0011_0064_0064.jpg 1 17 11 64 64
0956_0014_0037_0052_0052.jpg 1 14 37 52 52
0957_0033_0013_0053_0053.jpg 1 33 13 53 53
0958_0026_0016_0066_0066.jpg 1 26 16 66 66
0959_0008_0021_0045_0045.jpg 1 8 21 45 45
0960_0049_0022_0028_0028.jpg 1 49 22 28 28
0961_0030_0021_0051_0051.jpg 1 30 21 51 51
0962_0019_0037_0053_0053.jpg 1 19 37 53 53
0963_0017_0011_0057_0057.jpg 1 17 11 57 57
0964_0026_0040_0043_0043.jpg 1 26 40 43 43
0965_0036_0026_0030_0030.jpg 1 36 26 30 30
0966_0037_0043_0031_0031.jpg 1 37 43 31 31
0967_0032_0052_0036_0036.jpg 1 32 52 36 36
0968_0034_0036_0037_0037.jpg 1 34 36 37 37
0969_0018_0005_0065_0065.jpg 1 18 5 65 65
0970_0009_0024_0060_0060.jpg 1 9 24 60 60
0971_0022_0013_0063_0063.jpg 1 22 13 63 63
0972_0040_0013_0034_0034.jpg 1 40 13 34 34
0973_0046_0024_0031_0031.jpg 1 46 24 31 31
0974_0032_0011_0064_0064.jpg 1 32 11 64 64
0975_0030_0024_0028_0028.jpg 1 30 24 28 28
0976_0010_0022_0036_0036.jpg 1 10 22 36 36
0977_0012_0024_0068_0068.jpg 1 12 24 68 68
0978_0066_0016_0024_0024.jpg 1 66 16 24 24
0979_0009_0039_0027_0027.jpg 1 9 39 27 27
0980_0024_0025_0043_0043.jpg 1 24 25 43 43
0981_0044_0024_0041_0041.jpg 1 44 24 41 41
0982_0037_0043_0031_0031.jpg 1 37 43 31 31
0983_0031_0030_0059_0059.jpg 1 31 30 59 59
0984_0027_0014_0065_0065.jpg 1 27 14 65 65
0985_0042_0017_0043_0043.jpg 1 42 17 43 43
0986_0052_0057_0027_0027.jpg 1 52 57 27 27
0987_0007_0022_0035_0035.jpg 1 7 22 35 35
0988_0004_0011_0065_0065.jpg 1 4 11 65 65
0989_0019_0025_0064_0064.jpg 1 19 25 64 64
0990_0004_0006_0066_0066.jpg 1 4 6 66 66
0991_0030_0016_0051_0051.jpg 1 30 16 51 51
0992_0027_0036_0059_0059.jpg 1 27 36 59 59
0993_0014_0035_0043_0043.jpg 1 14 35 43 43
0994_0040_0060_0026_0026.jpg 1 40 60 26 26
0995_0024_0051_0035_0035.jpg 1 24 51 35 35
0996_0056_0044_0037_0037.jpg 1 56 44 37 37
0997_0009_0007_0044_0044.jpg 1 9 7 44 44
0998_0018_0028_0045_0045.jpg 1 18 28 45 45
0999_0015_0019_0062_0062.jpg 1 15 19 62 62
1000_0058_0033_0027_0027.jpg 1 58 33 27 27
1001_0008_0044_0035_0035.jpg 1 8 44 35 35
1002_0009_0004_0068_0068.jpg 1 9 4 68 68
1003_0017_0010_0058_0058.jpg 1 17 10 58 58
1004_0020_0014_0053_0053.jpg 1 20 14 53 53
1005_0016_0020_0064_0064.jpg 1 16 20 64 64
1006_0018_0007_0051_0051.jpg 1 18 7 51 51
1007_0004_0026_0069_0069.jpg 1 4 26 69 69
1008_0015_0018_0055_0055.jpg 1 15 18 55 55
1009_0034_0019_0031_0031.jpg 1 34 19 31 31
1010_0014_0025_0066_0066.jpg 1 14 25 66 66
1011_0046_0046_0034_0034.jpg 1 46 46 34 34
1012_0020_0040_0034_0034.jpg 1 20 40 34 34
1013_0033_0030_0061_0061.jpg 1 33 30 61 61
1014_0011_0009_0028_0028.jpg 1 11 9 28 28
1015_0036_0038_0026_0026.jpg 1 36 38 26 26
1016_0020_0021_0069_0069.jpg 1 20 21 69 69
1017_0032_0044_0042_0042.jpg 1 32 44 42 42
1018_0025_0037_0053_0053.jpg 1 25 37 53 53
1019_0036_0028_0057_0057.jpg 1 36 28 57 57
1020_0032_0026_0034_0034.jpg 1 32 26 34 34
1021_0035_0030_0047_0047.jpg 1 35 30 47 47
1022_0019_0014_0068_0068.jpg 1 19 14 68 68
1023_0015_0012_0058_0058.jpg 1 15 12 58 58
1024_0042_0039_0028_0028.jpg 1 42 39 28 28
1025_0044_0037_0047_0047.jpg 1 44 37 47 47
1026_0027_0051_0032_0032.jpg 1 27 51 32 32
1027_0034_0028_0056_0056.jpg 1 34 28 56 56
1028_0013_0031_0049_0049.jpg 1 13 31 49 49
1029_0009_0014_0035_0035.jpg 1 9 14 35 35
1030_0010_0021_0026_0026.jpg 1 10 21 26 26
1031_0009_0007_0047_0047.jpg 1 9 7 47 47
1032_0007_0035_0047_0047.jpg 1 7 35 47 47
1033_0027_0012_0056_0056.jpg 1 27 12 56 56
1034_0009_0023_0056_0056.jpg 1 9 23 56 56
1035_0051_0043_0036_0036.jpg 1 51 43 36 36
1036_0013_0019_0068_0068.jpg 1 13 19 68 68
1037_0042_0038_0032_0032.jpg 1 42 38 32 32
1038_0060_0041_0030_0030.jpg 1 60 41 30 30
1039_0024_0009_0058_0058.jpg 1 24 9 58 58
1040_0023_0016_0068_0068.jpg 1 23 16 68 68
1041_0026_0009_0064_0064.jpg 1 26 9 64 64
1042_0015_0017_0066_0066.jpg 1 15 17 66 66
1043_0027_0035_0055_0055.jpg 1 27 35 55 55
1044_0029_0005_0054_0054.jpg 1 29 5 54 54
1045_0018_0016_0035_0035.jpg 1 18 16 35 35
1046_0018_0011_0067_0067.jpg 1 18 11 67 67
1047_0009_0015_0053_0053.jpg 1 9 15 53 53
1048_0005_0007_0062_0062.jpg 1 5 7 62 62
1049_0005_0023_0067_0067.jpg 1 5 23 67 67
1050_0024_0022_0062_0062.jpg 1 24 22 62 62
1051_0027_0043_0044_0044.jpg 1 27 43 44 44
1052_0017_0023_0031_0031.jpg 1 17 23 31 31
1053_0030_0018_0064_0064.jpg 1 30 18 64 64
1054_0020_0040_0034_0034.jpg 1 20 40 34 34
1055_0056_0008_0028_0028.jpg 1 56 8 28 28
1056_0028_0028_0025_0025.jpg 1 28 28 25 25
1057_0013_0029_0046_0046.jpg 1 13 29 46 46
1058_0012_0005_0063_0063.jpg 1 12 5 63 63
1059_0008_0017_0033_0033.jpg 1 8 17 33 33
1060_0026_0034_0049_0049.jpg 1 26 34 49 49
1061_0043_0011_0033_0033.jpg 1 43 11 33 33
1062_0009_0011_0052_0052.jpg 1 9 11 52 52
1063_0011_0005_0062_0062.jpg 1 11 5 62 62
1064_0023_0023_0035_0035.jpg 1 23 23 35 35
1065_0039_0010_0029_0029.jpg 1 39 10 29 29
1066_0033_0048_0043_0043.jpg 1 33 48 43 43
1067_0017_0015_0060_0060.jpg 1 17 15 60 60
1068_0022_0008_0061_0061.jpg 1 22 8 61 61
1069_0008_0009_0059_0059.jpg 1 8 9 59 59
1070_0032_0021_0047_0047.jpg 1 32 21 47 47
1071_0006_0033_0038_0038.jpg 1 6 33 38 38
1072_0012_0011_0033_0033.jpg 1 12 11 33 33
1073_0032_0024_0059_0059.jpg 1 32 24 59 59
1074_0029_0034_0062_0062.jpg 1 29 34 62 62
1075_0042_0014_0027_0027.jpg 1 42 14 27 27
1076_0048_0049_0030_0030.jpg 1 48 49 30 30
1077_0035_0016_0043_0043.jpg 1 35 16 43 43
1078_0008_0049_0042_0042.jpg 1 8 49 42 42
1079_0018_0007_0039_0039.jpg 1 18 7 39 39
1080_0038_0017_0031_0031.jpg 1 38 17 31 31
1081_0007_0018_0055_0055.jpg 1 7 18 55 55
1082_0022_0017_0069_0069.jpg 1 22 17 69 69
1083_0015_0034_0025_0025.jpg 1 15 34 25 25
1084_0034_0009_0028_0028.jpg 1 34 9 28 28
1085_0015_0038_0031_0031.jpg 1 15 38 31 31
1086_0007_0028_0065_0065.jpg 1 7 28 65 65
1087_0007_0020_0047_0047.jpg 1 7 20 47 47
1088_0018_0018_0062_0062.jpg 1 18 18 62 62
1089_0021_0021_0069_0069.jpg 1 21 21 69 69
1090_0046_0031_0042_0042.jpg 1 46 31 42 42
1091_0047_0036_0037_0037.jpg 1 47 36 37 37
1092_0037_0027_0053_0053.jpg 1 37 27 53 53
1093_0013_0039_0056_0056.jpg 1 13 39 56 56
1094_0033_0017_0054_0054.jpg 1 33 17 54 54
1095_0022_0037_0037_0037.jpg 1 22 37 37 37
1096_0014_0056_0032_0032.jpg 1 14 56 32 32
1097_0028_0022_0065_0065.jpg 1 28 22 65 65
1098_0022_0021_0035_0035.jpg 1 22 21 35 35
1099_0033_0051_0039_0039.jpg 1 33 51 39 39
1100_0043_0009_0046_0046.jpg 1 43 9 46 46
1101_0005_0007_0066_0066.jpg 1 5 7 66 66
1102_0017_0051_0036_0036.jpg 1 17 51 36 36
1103_0033_0047_0025_0025.jpg 1 33 47 25 25
1104_0060_0031_0028_0028.jpg 1 60 31 28 28
1105_0041_0026_0046_0046.jpg 1 41 26 46 46
1106_0018_0008_0057_0057.jpg 1 18 8 57 57
1107_0025_0018_0067_0067.jpg 1 25 18 67 67
1108_0043_0023_0034_0034.jpg 1 43 23 34 34
1109_0010_0018_0061_0061.jpg 1 10 18 61 61
1110_0018_0023_0064_0064.jpg 1 18 23 64 64
1111_0059_0012_0024_0024.jpg 1 59 12 24 24
1112_0014_0032_0061_0061.jpg 1 14 32 61 61
1113_0036_0019_0057_0057.jpg 1 36 19 57 57
1114_0005_0007_0065_0065.jpg 1 5 7 65 65
1115_0031_0035_0040_0040.jpg 1 31 35 40 40
1116_0014_0008_0046_0046.jpg 1 14 8 46 46
1117_0031_0048_0028_0028.jpg 1 31 48 28 28
1118_0005_0010_0051_0051.jpg 1 5 10 51 51
1119_0054_0050_0032_0032.jpg 1 54 50 32 32
1120_0011_0061_0030_0030.jpg 1 11 61 30 30
1121_0026_0021_0046_0046.jpg 1 26 21 46 46
1122_0017_0027_0063_0063.jpg 1 17 27 63 63
1123_0017_0036_0031_0031.jpg 1 17 36 31 31
1124_0038_0019_0056_0056.jpg 1 38 19 56 56
1125_0012_0013_0047_0047.jpg 1 12 13 47 47
1126_0020_0025_0043_0043.jpg 1 20 25 43 43
1127_0044_0056_0033_0033.jpg 1 44 56 33 33
1128_0043_0046_0044_0044.jpg 1 43 46 44 44
1129_0029_0011_0064_0064.jpg 1 29 11 64 64
1130_0039_0042_0031_0031.jpg 1 39 42 31 31
1131_0019_0009_0033_0033.jpg 1 19 9 33 33
1132_0014_0057_0033_0033.jpg 1 14 57 33 33
1133_0030_0043_0038_0038.jpg 1 30 43 38 38
1134_0038_0030_0047_0047.jpg 1 38 30 47 47
1135_0058_0038_0024_0024.jpg 1 58 38 24 24
1136_0033_0018_0025_0025.jpg 1 33 18 25 25
1137_0007_0030_0027_0027.jpg 1 7 30 27 27
1138_0008_0008_0043_0043.jpg 1 8 8 43 43
1139_0015_0009_0065_0065.jpg 1 15 9 65 65
1140_0013_0010_0069_0069.jpg 1 13 10 69 69
1141_0016_0024_0055_0055.jpg 1 16 24 55 55
1142_0043_0033_0046_0046.jpg 1 43 33 46 46
1143_0044_0029_0025_0025.jpg 1 44 29 25 25
1144_0012_0006_0063_0063.jpg 1 12 6 63 63
1145_0018_0016_0063_0063.jpg 1 18 16 63 63
1146_0066_0046_0026_0026.jpg 1 66 46 26 26
1147_0039_0006_0046_0046.jpg 1 39 6 46 46
1148_0028_0015_0067_0067.jpg 1 28 15 67 67
1149_0048_0040_0044_0044.jpg 1 48 40 44 44
1150_0048_0057_0029_0029.jpg 1 48 57 29 29
1151_0010_0021_0064_0064.jpg 1 10 21 64 64
1152_0013_0027_0051_0051.jpg 1 13 27 51 51
1153_0020_0032_0052_0052.jpg 1 20 32 52 52
1154_0008_0038_0025_0025.jpg 1 8 38 25 25
1155_0043_0059_0028_0028.jpg 1 43 59 28 28
1156_0037_0030_0049_0049.jpg 1 37 30 49 49
1157_0018_0030_0060_0060.jpg 1 18 30 60 60
1158_0021_0035_0051_0051.jpg 1 21 35 51 51
1159_0008_0019_0063_0063.jpg 1 8 19 63 63
1160_0033_0020_0033_0033.jpg 1 33 20 33 33
1161_0012_0028_0063_0063.jpg 1 12 28 63 63
1162_0042_0012_0044_0044.jpg 1 42 12 44 44
1163_0035_0012_0059_0059.jpg 1 35 12 59 59
1164_0052_0016_0032_0032.jpg 1 52 16 32 32
1165_0024_0019_0044_0044.jpg 1 24 19 44 44
1166_0016_0017_0053_0053.jpg 1 16 17 53 53
1167_0011_0023_0068_0068.jpg 1 11 23 68 68
1168_0043_0035_0025_0025.jpg 1 43 35 25 25
1169_0036_0045_0034_0034.jpg 1 36 45 34 34
1170_0039_0012_0037_0037.jpg 1 39 12 37 37
1171_0047_0009_0046_0046.jpg 1 47 9 46 46
1172_0042_0029_0027_0027.jpg 1 42 29 27 27
1173_0020_0007_0043_0043.jpg 1 20 7 43 43
1174_0035_0008_0046_0046.jpg 1 35 8 46 46
1175_0010_0013_0069_0069.jpg 1 10 13 69 69
1176_0024_0021_0060_0060.jpg 1 24 21 60 60
1177_0033_0030_0042_0042.jpg 1 33 30 42 42
1178_0009_0013_0066_0066.jpg 1 9 13 66 66
1179_0017_0005_0051_0051.jpg 1 17 5 51 51
1180_0016_0007_0054_0054.jpg 1 16 7 54 54
1181_0051_0056_0032_0032.jpg 1 51 56 32 32
1182_0034_0030_0041_0041.jpg 1 34 30 41 41
1183_0016_0046_0035_0035.jpg 1 16 46 35 35
1184_0012_0018_0025_0025.jpg 1 12 18 25 25
1185_0021_0021_0066_0066.jpg 1 21 21 66 66
1186_0015_0026_0059_0059.jpg 1 15 26 59 59
1187_0035_0013_0035_0035.jpg 1 35 13 35 35
1188_0035_0008_0028_0028.jpg 1 35 8 28 28
1189_0017_0053_0035_0035.jpg 1 17 53 35 35
1190_0023_0040_0046_0046.jpg 1 23 40 46 46
1191_0031_0063_0024_0024.jpg 1 31 63 24 24
1192_0030_0043_0050_0050.jpg 1 30 43 50 50
1193_0009_0060_0031_0031.jpg 1 9 60 31 31
1194_0018_0026_0056_0056.jpg 1 18 26 56 56
1195_0022_0016_0054_0054.jpg 1 22 16 54 54
1196_0040_0047_0039_0039.jpg 1 40 47 39 39
1197_0008_0022_0068_0068.jpg 1 8 22 68 68
1198_0010_0020_0048_0048.jpg 1 10 20 48 48
1199_0007_0059_0033_0033.jpg 1 7 59 33 33
1200_0022_0022_0063_0063.jpg 1 22 22 63 63
1201_0032_0061_0024_0024.jpg 1 32 61 24 24
1202_0016_0044_0024_0024.jpg 1 16 44 24 24
1203_0035_0019_0059_0059.jpg 1 35 19 59 59
1204_0037_0010_0044_0044.jpg 1 37 10 44 44
1205_0052_0051_0030_0030.jpg 1 52 51 30 30
1206_0011_0006_0069_0069.jpg 1 11 6 69 69
1207_0013_0053_0039_0039.jpg 1 13 53 39 39
1208_0064_0016_0028_0028.jpg 1 64 16 28 28
1209_0010_0063_0025_0025.jpg 1 10 63 25 25
1210_0022_0014_0058_0058.jpg 1 22 14 58 58
1211_0053_0060_0031_0031.jpg 1 53 60 31 31
1212_0023_0021_0053_0053.jpg 1 23 21 53 53
1213_0017_0036_0034_0034.jpg 1 17 36 34 34
1214_0007_0013_0062_0062.jpg 1 7 13 62 62
1215_0029_0039_0050_0050.jpg 1 29 39 50 50
1216_0042_0038_0045_0045.jpg 1 42 38 45 45
1217_0056_0056_0030_0030.jpg 1 56 56 30 30
1218_0027_0024_0057_0057.jpg 1 27 24 57 57
1219_0035_0016_0050_0050.jpg 1 35 16 50 50
1220_0009_0032_0052_0052.jpg 1 9 32 52 52
1221_0017_0020_0064_0064.jpg 1 17 20 64 64
1222_0036_0012_0058_0058.jpg 1 36 12 58 58
1223_0050_0038_0033_0033.jpg 1 50 38 33 33
1224_0013_0038_0029_0029.jpg 1 13 38 29 29
1225_0034_0018_0058_0058.jpg 1 34 18 58 58
1226_0022_0019_0024_0024.jpg 1 22 19 24 24
1227_0032_0027_0060_0060.jpg 1 32 27 60 60
1228_0037_0037_0037_0037.jpg 1 37 37 37 37
1229_0031_0055_0035_0035.jpg 1 31 55 35 35
1230_0042_0023_0040_0040.jpg 1 42 23 40 40
1231_0036_0017_0058_0058.jpg 1 36 17 58 58
1232_0036_0042_0024_0024.jpg 1 36 42 24 24
1233_0047_0045_0032_0032.jpg 1 47 45 32 32
1234_0009_0044_0034_0034.jpg 1 9 44 34 34
1235_0011_0009_0049_0049.jpg 1 11 9 49 49
1236_0022_0017_0062_0062.jpg 1 22 17 62 62
1237_0013_0012_0068_0068.jpg 1 13 12 68 68
1238_0039_0048_0046_0046.jpg 1 39 48 46 46
1239_0004_0024_0067_0067.jpg 1 4 24 67 67
1240_0023_0049_0024_0024.jpg 1 23 49 24 24
1241_0009_0005_0069_0069.jpg 1 9 5 69 69
1242_0024_0022_0047_0047.jpg 1 24 22 47 47
1243_0022_0058_0035_0035.jpg 1 22 58 35 35
1244_0004_0024_0061_0061.jpg 1 4 24 61 61
1245_0051_0026_0042_0042.jpg 1 51 26 42 42
1246_0051_0024_0036_0036.jpg 1 51 24 36 36
1247_0022_0029_0056_0056.jpg 1 22 29 56 56
1248_0027_0013_0062_0062.jpg 1 27 13 62 62
1249_0012_0017_0030_0030.jpg 1 12 17 30 30
1250_0008_0043_0024_0024.jpg 1 8 43 24 24
1251_0027_0049_0033_0033.jpg 1 27 49 33 33
1252_0020_0020_0056_0056.jpg 1 20 20 56 56
1253_0037_0041_0026_0026.jpg 1 37 41 26 26
1254_0035_0019_0060_0060.jpg 1 35 19 60 60
1255_0017_0013_0065_0065.jpg 1 17 13 65 65
1256_0023_0010_0069_0069.jpg 1 23 10 69 69
1257_0027_0014_0053_0053.jpg 1 27 14 53 53
1258_0025_0029_0030_0030.jpg 1 25 29 30 30
1259_0034_0028_0036_0036.jpg 1 34 28 36 36
1260_0058_0063_0027_0027.jpg 1 58 63 27 27
1261_0036_0032_0027_0027.jpg 1 36 32 27 27
1262_0014_0007_0051_0051.jpg 1 14 7 51 51
1263_0023_0013_0065_0065.jpg 1 23 13 65 65
1264_0013_0042_0049_0049.jpg 1 13 42 49 49
1265_0013_0017_0059_0059.jpg 1 13 17 59 59
1266_0023_0059_0033_0033.jpg 1 23 59 33 33
1267_0019_0044_0032_0032.jpg 1 19 44 32 32
1268_0013_0022_0035_0035.jpg 1 13 22 35 35
1269_0026_0063_0026_0026.jpg 1 26 63 26 26
1270_0044_0040_0024_0024.jpg 1 44 40 24 24
1271_0031_0047_0024_0024.jpg 1 31 47 24 24
1272_0022_0004_0069_0069.jpg 1 22 4 69 69
1273_0008_0003_0067_0067.jpg 1 8 3 67 67
1274_0007_0029_0066_0066.jpg 1 7 29 66 66
1275_0023_0017_0067_0067.jpg 1 23 17 67 67
1276_0009_0013_0026_0026.jpg 1 9 13 26 26
1277_0048_0012_0042_0042.jpg 1 48 12 42 42
1278_0022_0042_0029_0029.jpg 1 22 42 29 29
1279_0037_0025_0034_0034.jpg 1 37 25 34 34
1280_0036_0051_0031_0031.jpg 1 36 51 31 31
1281_0033_0052_0039_0039.jpg 1 33 52 39 39
1282_0025_0012_0068_0068.jpg 1 25 12 68 68
1283_0027_0030_0048_0048.jpg 1 27 30 48 48
1284_0039_0043_0039_0039.jpg 1 39 43 39 39
1285_0008_0011_0056_0056.jpg 1 8 11 56 56
1286_0017_0010_0069_0069.jpg 1 17 10 69 69
1287_0026_0038_0050_0050.jpg 1 26 38 50 50
1288_0036_0039_0055_0055.jpg 1 36 39 55 55
1289_0013_0011_0029_0029.jpg 1 13 11 29 29
1290_0038_0007_0052_0052.jpg 1 38 7 52 52
1291_0012_0016_0067_0067.jpg 1 12 16 67 67
1292_0042_0038_0043_0043.jpg 1 42 38 43 43
1293_0036_0021_0052_0052.jpg 1 36 21 52 52
1294_0019_0023_0049_0049.jpg 1 19 23 49 49
1295_0028_0025_0042_0042.jpg 1 28 25 42 42
1296_0017_0033_0049_0049.jpg 1 17 33 49 49
1297_0012_0028_0061_0061.jpg 1 12 28 61 61
1298_0021_0027_0062_0062.jpg 1 21 27 62 62
1299_0008_0034_0044_0044.jpg 1 8 34 44 44
1300_0028_0043_0043_0043.jpg 1 28 43 43 43
1301_0020_0025_0066_0066.jpg 1 20 25 66 66
1302_0004_0013_0059_0059.jpg 1 4 13 59 59
1303_0025_0008_0069_0069.jpg 1 25 8 69 69
1304_0015_0014_0065_0065.jpg 1 15 14 65 65
1305_0005_0007_0054_0054.jpg 1 5 7 54 54
1306_0020_0023_0035_0035.jpg 1 20 23 35 35
1307_0024_0015_0067_0067.jpg 1 24 15 67 67
1308_0012_0009_0061_0061.jpg 1 12 9 61 61
1309_0019_0021_0056_0056.jpg 1 19 21 56 56
1310_0012_0032_0053_0053.jpg 1 12 32 53 53
1311_0035_0025_0044_0044.jpg 1 35 25 44 44
1312_0052_0040_0035_0035.jpg 1 52 40 35 35
1313_0018_0022_0050_0050.jpg 1 18 22 50 50
1314_0017_0037_0031_0031.jpg 1 17 37 31 31
1315_0031_0023_0040_0040.jpg 1 31 23 40 40
1316_0013_0008_0039_0039.jpg 1 13 8 39 39
1317_0056_0023_0029_0029.jpg 1 56 23 29 29
1318_0011_0024_0025_0025.jpg 1 11 24 25 25
1319_0039_0043_0028_0028.jpg 1 39 43 28 28
1320_0016_0024_0056_0056.jpg 1 16 24 56 56
1321_0056_0065_0025_0025.jpg 1 56 65 25 25
1322_0033_0014_0049_0049.jpg 1 33 14 49 49
1323_0018_0043_0041_0041.jpg 1 18 43 41 41
1324_0046_0025_0031_0031.jpg 1 46 25 31 31
1325_0012_0025_0065_0065.jpg 1 12 25 65 65
1326_0007_0026_0032_0032.jpg 1 7 26 32 32
1327_0023_0012_0062_0062.jpg 1 23 12 62 62
1328_0020_0007_0062_0062.jpg 1 20 7 62 62
1329_0043_0040_0038_0038.jpg 1 43 40 38 38
1330_0025_0011_0068_0068.jpg 1 25 11 68 68
1331_0037_0013_0044_0044.jpg 1 37 13 44 44
1332_0024_0024_0053_0053.jpg 1 24 24 53 53
1333_0025_0026_0035_0035.jpg 1 25 26 35 35
1334_0030_0015_0065_0065.jpg 1 30 15 65 65
1335_0024_0011_0050_0050.jpg 1 24 11 50 50
1336_0027_0053_0038_0038.jpg 1 27 53 38 38
1337_0029_0008_0035_0035.jpg 1 29 8 35 35
1338_0026_0022_0068_0068.jpg 1 26 22 68 68
1339_0038_0024_0034_0034.jpg 1 38 24 34 34
1340_0023_0009_0068_0068.jpg 1 23 9 68 68
1341_0041_0059_0029_0029.jpg 1 41 59 29 29
1342_0020_0016_0062_0062.jpg 1 20 16 62 62
1343_0048_0047_0031_0031.jpg 1 48 47 31 31
1344_0050_0053_0032_0032.jpg 1 50 53 32 32
1345_0027_0027_0033_0033.jpg 1 27 27 33 33
1346_0023_0035_0055_0055.jpg 1 23 35 55 55
1347_0011_0042_0043_0043.jpg 1 11 42 43 43
1348_0043_0041_0035_0035.jpg 1 43 41 35 35
1349_0025_0016_0068_0068.jpg 1 25 16 68 68
1350_0019_0039_0028_0028.jpg 1 19 39 28 28
1351_0027_0041_0041_0041.jpg 1 27 41 41 41
1352_0054_0049_0034_0034.jpg 1 54 49 34 34
1353_0041_0015_0045_0045.jpg 1 41 15 45 45
1354_0008_0024_0047_0047.jpg 1 8 24 47 47
1355_0023_0018_0066_0066.jpg 1 23 18 66 66
1356_0025_0036_0053_0053.jpg 1 25 36 53 53
1357_0029_0044_0048_0048.jpg 1 29 44 48 48
1358_0005_0017_0058_0058.jpg 1 5 17 58 58
1359_0036_0013_0054_0054.jpg 1 36 13 54 54
1360_0021_0037_0047_0047.jpg 1 21 37 47 47
1361_0042_0022_0047_0047.jpg 1 42 22 47 47
1362_0031_0035_0048_0048.jpg 1 31 35 48 48
1363_0048_0014_0031_0031.jpg 1 48 14 31 31
1364_0036_0019_0058_0058.jpg 1 36 19 58 58
1365_0013_0009_0052_0052.jpg 1 13 9 52 52
1366_0023_0022_0035_0035.jpg 1 23 22 35 35
1367_0020_0019_0032_0032.jpg 1 20 19 32 32
1368_0005_0039_0054_0054.jpg 1 5 39 54 54
1369_0039_0017_0054_0054.jpg 1 39 17 54 54
1370_0025_0012_0060_0060.jpg 1 25 12 60 60
1371_0024_0017_0060_0060.jpg 1 24 17 60 60
1372_0044_0038_0037_0037.jpg 1 44 38 37 37
1373_0033_0049_0034_0034.jpg 1 33 49 34 34
1374_0012_0025_0068_0068.jpg 1 12 25 68 68
1375_0048_0030_0027_0027.jpg 1 48 30 27 27
1376_0049_0019_0041_0041.jpg 1 49 19 41 41
1377_0020_0041_0054_0054.jpg 1 20 41 54 54
1378_0032_0038_0047_0047.jpg 1 32 38 47 47
1379_0037_0038_0048_0048.jpg 1 37 38 48 48
1380_0033_0020_0057_0057.jpg 1 33 20 57 57
1381_0034_0024_0039_0039.jpg 1 34 24 39 39
1382_0028_0011_0059_0059.jpg 1 28 11 59 59
1383_0005_0012_0055_0055.jpg 1 5 12 55 55
1384_0020_0021_0049_0049.jpg 1 20 21 49 49
1385_0022_0015_0056_0056.jpg 1 22 15 56 56
1386_0023_0025_0059_0059.jpg 1 23 25 59 59
1387_0051_0065_0026_0026.jpg 1 51 65 26 26
1388_0011_0009_0056_0056.jpg 1 11 9 56 56
1389_0050_0014_0031_0031.jpg 1 50 14 31 31
1390_0007_0004_0063_0063.jpg 1 7 4 63 63
1391_0006_0014_0069_0069.jpg 1 6 14 69 69
1392_0039_0015_0046_0046.jpg 1 39 15 46 46
1393_0016_0021_0059_0059.jpg 1 16 21 59 59
1394_0012_0023_0050_0050.jpg 1 12 23 50 50
1395_0024_0015_0042_0042.jpg 1 24 15 42 42
1396_0017_0020_0061_0061.jpg 1 17 20 61 61
1397_0014_0016_0038_0038.jpg 1 14 16 38 38
1398_0040_0026_0054_0054.jpg 1 40 26 54 54
1399_0036_0017_0058_0058.jpg 1 36 17 58 58
1400_0049_0011_0045_0045.jpg 1 49 11 45 45
1401_0003_0011_0069_0069.jpg 1 3 11 69 69
1402_0011_0051_0027_0027.jpg 1 11 51 27 27
1403_0037_0011_0048_0048.jpg 1 37 11 48 48
1404_0016_0022_0068_0068.jpg 1 16 22 68 68
1405_0029_0027_0053_0053.jpg 1 29 27 53 53
1406_0037_0035_0054_0054.jpg 1 37 35 54 54
1407_0008_0005_0066_0066.jpg 1 8 5 66 66
1408_0008_0016_0046_0046.jpg 1 8 16 46 46
1409_0010_0019_0031_0031.jpg 1 10 19 31 31
1410_0018_0030_0049_0049.jpg 1 18 30 49 49
1411_0057_0058_0029_0029.jpg 1 57 58 29 29
1412_0013_0019_0067_0067.jpg 1 13 19 67 67
1413_0013_0008_0024_0024.jpg 1 13 8 24 24
1414_0008_0029_0056_0056.jpg 1 8 29 56 56
1415_0032_0019_0058_0058.jpg 1 32 19 58 58
1416_0041_0048_0042_0042.jpg 1 41 48 42 42
1417_0023_0024_0057_0057.jpg 1 23 24 57 57
1418_0054_0052_0038_0038.jpg 1 54 52 38 38
1419_0019_0013_0061_0061.jpg 1 19 13 61 61
1420_0051_0013_0029_0029.jpg 1 51 13 29 29
1421_0030_0016_0038_0038.jpg 1 30 16 38 38
1422_0036_0033_0052_0052.jpg 1 36 33 52 52
1423_0032_0043_0040_0040.jpg 1 32 43 40 40
1424_0026_0063_0029_0029.jpg 1 26 63 29 29
1425_0025_0012_0064_0064.jpg 1 25 12 64 64
1426_0025_0013_0041_0041.jpg 1 25 13 41 41
1427_0027_0035_0054_0054.jpg 1 27 35 54 54
1428_0059_0031_0033_0033.jpg 1 59 31 33 33
1429_0014_0015_0048_0048.jpg 1 14 15 48 48
1430_0039_0027_0035_0035.jpg 1 39 27 35 35
1431_0033_0014_0051_0051.jpg 1 33 14 51 51
1432_0015_0014_0068_0068.jpg 1 15 14 68 68
1433_0032_0014_0059_0059.jpg 1 32 14 59 59
1434_0017_0007_0042_0042.jpg 1 17 7 42 42
1435_0042_0039_0037_0037.jpg 1 42 39 37 37
1436_0018_0027_0046_0046.jpg 1 18 27 46 46
1437_0009_0011_0059_0059.jpg 1 9 11 59 59
1438_0033_0029_0051_0051.jpg 1 33 29 51 51
1439_0027_0005_0067_0067.jpg 1 27 5 67 67
1440_0043_0015_0050_0050.jpg 1 43 15 50 50
1441_0027_0022_0037_0037.jpg 1 27 22 37 37
1442_0026_0023_0068_0068.jpg 1 26 23 68 68
1443_0028_0051_0031_0031.jpg 1 28 51 31 31
1444_0044_0024_0028_0028.jpg 1 44 24 28 28
1445_0030_0017_0051_0051.jpg 1 30 17 51 51
1446_0021_0025_0050_0050.jpg 1 21 25 50 50
1447_0058_0020_0029_0029.jpg 1 58 20 29 29
1448_0011_0031_0029_0029.jpg 1 11 31 29 29
1449_0008_0014_0065_0065.jpg 1 8 14 65 65
1450_0035_0032_0039_0039.jpg 1 35 32 39 39
1451_0045_0031_0025_0025.jpg 1 45 31 25 25
1452_0016_0055_0027_0027.jpg 1 16 55 27 27
1453_0010_0009_0055_0055.jpg 1 10 9 55 55
1454_0020_0039_0050_0050.jpg 1 20 39 50 50
1455_0018_0020_0058_0058.jpg 1 18 20 58 58
1456_0009_0028_0033_0033.jpg 1 9 28 33 33
1457_0027_0023_0050_0050.jpg 1 27 23 50 50
1458_0029_0025_0067_0067.jpg 1 29 25 67 67
1459_0010_0050_0040_0040.jpg 1 10 50 40 40
1460_0014_0018_0034_0034.jpg 1 14 18 34 34
1461_0009_0023_0027_0027.jpg 1 9 23 27 27
1462_0014_0035_0053_0053.jpg 1 14 35 53 53
1463_0017_0028_0042_0042.jpg 1 17 28 42 42
1464_0027_0042_0031_0031.jpg 1 27 42 31 31
1465_0015_0021_0062_0062.jpg 1 15 21 62 62
1466_0039_0012_0054_0054.jpg 1 39 12 54 54
1467_0048_0010_0029_0029.jpg 1 48 10 29 29
1468_0029_0030_0064_0064.jpg 1 29 30 64 64
1469_0023_0048_0033_0033.jpg 1 23 48 33 33
1470_0018_0019_0049_0049.jpg 1 18 19 49 49
1471_0022_0010_0054_0054.jpg 1 22 10 54 54
1472_0009_0018_0034_0034.jpg 1 9 18 34 34
1473_0024_0062_0029_0029.jpg 1 24 62 29 29
1474_0018_0033_0054_0054.jpg 1 18 33 54 54
1475_0046_0019_0036_0036.jpg 1 46 19 36 36
1476_0018_0013_0059_0059.jpg 1 18 13 59 59
1477_0042_0046_0030_0030.jpg 1 42 46 30 30
1478_0028_0049_0027_0027.jpg 1 28 49 27 27
1479_0015_0036_0054_0054.jpg 1 15 36 54 54
1480_0010_0003_0067_0067.jpg 1 10 3 67 67
1481_0044_0050_0031_0031.jpg 1 44 50 31 31
1482_0053_0050_0031_0031.jpg 1 53 50 31 31
1483_0012_0056_0036_0036.jpg 1 12 56 36 36
1484_0042_0048_0036_0036.jpg 1 42 48 36 36
1485_0019_0023_0041_0041.jpg 1 19 23 41 41
1486_0029_0005_0067_0067.jpg 1 29 5 67 67
1487_0008_0027_0047_0047.jpg 1 8 27 47 47
1488_0030_0022_0049_0049.jpg 1 30 22 49 49
1489_0053_0046_0035_0035.jpg 1 53 46 35 35
1490_0042_0063_0028_0028.jpg 1 42 63 28 28
1491_0021_0027_0045_0045.jpg 1 21 27 45 45
1492_0008_0010_0032_0032.jpg 1 8 10 32 32
1493_0043_0012_0037_0037.jpg 1 43 12 37 37
1494_0038_0007_0039_0039.jpg 1 38 7 39 39
1495_0012_0030_0040_0040.jpg 1 12 30 40 40
1496_0049_0055_0033_0033.jpg 1 49 55 33 33
1497_0038_0048_0037_0037.jpg 1 38 48 37 37
1498_0047_0028_0043_0043.jpg 1 47 28 43 43
1499_0022_0015_0039_0039.jpg 1 22 15 39 39
1500_0006_0012_0053_0053.jpg 1 6 12 53 53
1501_0020_0037_0056_0056.jpg 1 20 37 56 56
1502_0056_0008_0028_0028.jpg 1 56 8 28 28
1503_0005_0021_0051_0051.jpg 1 5 21 51 51
1504_0028_0025_0068_0068.jpg 1 28 25 68 68
1505_0038_0018_0041_0041.jpg 1 38 18 41 41
1506_0036_0012_0035_0035.jpg 1 36 12 35 35
1507_0031_0018_0062_0062.jpg 1 31 18 62 62
1508_0025_0010_0042_0042.jpg 1 25 10 42 42
1509_0029_0021_0050_0050.jpg 1 29 21 50 50
1510_0036_0023_0056_0056.jpg 1 36 23 56 56
1511_0033_0045_0032_0032.jpg 1 33 45 32 32
1512_0004_0028_0053_0053.jpg 1 4 28 53 53
1513_0034_0016_0025_0025.jpg 1 34 16 25 25
1514_0031_0020_0042_0042.jpg 1 31 20 42 42
1515_0020_0060_0024_0024.jpg 1 20 60 24 24
1516_0008_0030_0049_0049.jpg 1 8 30 49 49
1517_0024_0012_0062_0062.jpg 1 24 12 62 62
1518_0030_0008_0058_0058.jpg 1 30 8 58 58
1519_0003_0017_0069_0069.jpg 1 3 17 69 69
1520_0042_0028_0037_0037.jpg 1 42 28 37 37
1521_0027_0028_0050_0050.jpg 1 27 28 50 50
1522_0020_0011_0056_0056.jpg 1 20 11 56 56
1523_0008_0028_0056_0056.jpg 1 8 28 56 56
1524_0023_0018_0055_0055.jpg 1 23 18 55 55
1525_0035_0028_0032_0032.jpg 1 35 28 32 32
1526_0044_0015_0050_0050.jpg 1 44 15 50 50
1527_0023_0058_0025_0025.jpg 1 23 58 25 25
1528_0025_0045_0035_0035.jpg 1 25 45 35 35
1529_0039_0009_0050_0050.jpg 1 39 9 50 50
1530_0015_0036_0057_0057.jpg 1 15 36 57 57
1531_0025_0014_0034_0034.jpg 1 25 14 34 34
1532_0011_0017_0069_0069.jpg 1 11 17 69 69
1533_0012_0026_0065_0065.jpg 1 12 26 65 65
1534_0038_0029_0042_0042.jpg 1 38 29 42 42
1535_0020_0005_0055_0055.jpg 1 20 5 55 55
1536_0035_0012_0059_0059.jpg 1 35 12 59 59
1537_0007_0003_0069_0069.jpg 1 7 3 69 69
1538_0014_0007_0069_0069.jpg 1 14 7 69 69
1539_0025_0012_0050_0050.jpg 1 25 12 50 50
1540_0052_0062_0024_0024.jpg 1 52 62 24 24
1541_0008_0009_0056_0056.jpg 1 8 9 56 56
1542_0039_0039_0026_0026.jpg 1 39 39 26 26
1543_0054_0032_0029_0029.jpg 1 54 32 29 29
1544_0023_0007_0055_0055.jpg 1 23 7 55 55
1545_0027_0017_0052_0052.jpg 1 27 17 52 52
1546_0034_0030_0043_0043.jpg 1 34 30 43 43
1547_0034_0029_0059_0059.jpg 1 34 29 59 59
1548_0007_0039_0043_0043.jpg 1 7 39 43 43
1549_0024_0023_0053_0053.jpg 1 24 23 53 53
1550_0010_0032_0040_0040.jpg 1 10 32 40 40
1551_0029_0019_0064_0064.jpg 1 29 19 64 64
1552_0016_0026_0055_0055.jpg 1 16 26 55 55
1553_0004_0032_0057_0057.jpg 1 4 32 57 57
1554_0040_0041_0044_0044.jpg 1 40 41 44 44
1555_0032_0005_0058_0058.jpg 1 32 5 58 58
1556_0026_0015_0069_0069.jpg 1 26 15 69 69
1557_0027_0023_0068_0068.jpg 1 27 23 68 68
1558_0028_0011_0033_0033.jpg 1 28 11 33 33
1559_0015_0022_0046_0046.jpg 1 15 22 46 46
1560_0021_0014_0061_0061.jpg 1 21 14 61 61
1561_0022_0039_0038_0038.jpg 1 22 39 38 38
1562_0006_0012_0048_0048.jpg 1 6 12 48 48
1563_0020_0035_0049_0049.jpg 1 20 35 49 49
1564_0014_0036_0047_0047.jpg 1 14 36 47 47
1565_0017_0030_0054_0054.jpg 1 17 30 54 54
1566_0020_0043_0042_0042.jpg 1 20 43 42 42
1567_0027_0025_0068_0068.jpg 1 27 25 68 68
1568_0012_0006_0050_0050.jpg 1 12 6 50 50
1569_0025_0005_0061_0061.jpg 1 25 5 61 61
1570_0026_0033_0044_0044.jpg 1 26 33 44 44
1571_0034_0064_0027_0027.jpg 1 34 64 27 27
1572_0007_0006_0051_0051.jpg 1 7 6 51 51
1573_0023_0041_0041_0041.jpg 1 23 41 41 41
1574_0024_0057_0035_0035.jpg 1 24 57 35 35
1575_0053_0029_0027_0027.jpg 1 53 29 27 27
1576_0037_0036_0041_0041.jpg 1 37 36 41 41
1577_0032_0013_0035_0035.jpg 1 32 13 35 35
1578_0016_0019_0067_0067.jpg 1 16 19 67 67
1579_0020_0008_0031_0031.jpg 1 20 8 31 31
1580_0033_0039_0032_0032.jpg 1 33 39 32 32
1581_0029_0032_0053_0053.jpg 1 29 32 53 53
1582_0014_0007_0058_0058.jpg 1 14 7 58 58
1583_0051_0017_0039_0039.jpg 1 51 17 39 39
1584_0006_0010_0069_0069.jpg 1 6 10 69 69
1585_0030_0027_0059_0059.jpg 1 30 27 59 59
1586_0033_0031_0050_0050.jpg 1 33 31 50 50
1587_0031_0040_0031_0031.jpg 1 31 40 31 31
1588_0030_0016_0053_0053.jpg 1 30 16 53 53
1589_0007_0004_0065_0065.jpg 1 7 4 65 65
1590_0025_0020_0045_0045.jpg 1 25 20 45 45
1591_0023_0030_0039_0039.jpg 1 23 30 39 39
1592_0020_0029_0063_0063.jpg 1 20 29 63 63
1593_0010_0016_0057_0057.jpg 1 10 16 57 57
1594_0033_0007_0055_0055.jpg 1 33 7 55 55
1595_0037_0029_0036_0036.jpg 1 37 29 36 36
1596_0006_0031_0047_0047.jpg 1 6 31 47 47
1597_0061_0044_0024_0024.jpg 1 61 44 24 24
1598_0045_0018_0024_0024.jpg 1 45 18 24 24
1599_0007_0020_0067_0067.jpg 1 7 20 67 67
1600_0012_0042_0043_0043.jpg 1 12 42 43 43
1601_0014_0009_0025_0025.jpg 1 14 9 25 25
1602_0014_0036_0024_0024.jpg 1 14 36 24 24
1603_0012_0013_0057_0057.jpg 1 12 13 57 57
1604_0025_0021_0069_0069.jpg 1 25 21 69 69
1605_0053_0020_0026_0026.jpg 1 53 20 26 26
1606_0037_0030_0057_0057.jpg 1 37 30 57 57
1607_0011_0005_0069_0069.jpg 1 11 5 69 69
1608_0019_0022_0057_0057.jpg 1 19 22 57 57
1609_0034_0053_0029_0029.jpg 1 34 53 29 29
1610_0050_0032_0036_0036.jpg 1 50 32 36 36
1611_0017_0014_0063_0063.jpg 1 17 14 63 63
1612_0063_0037_0025_0025.jpg 1 63 37 25 25
1613_0045_0027_0035_0035.jpg 1 45 27 35 35
1614_0035_0009_0040_0040.jpg 1 35 9 40 40
1615_0047_0036_0026_0026.jpg 1 47 36 26 26
1616_0045_0034_0038_0038.jpg 1 45 34 38 38
1617_0033_0005_0058_0058.jpg 1 33 5 58 58
1618_0007_0022_0064_0064.jpg 1 7 22 64 64
1619_0028_0049_0034_0034.jpg 1 28 49 34 34
1620_0007_0058_0025_0025.jpg 1 7 58 25 25
1621_0014_0037_0049_0049.jpg 1 14 37 49 49
1622_0025_0020_0035_0035.jpg 1 25 20 35 35
1623_0020_0020_0061_0061.jpg 1 20 20 61 61
1624_0016_0031_0046_0046.jpg 1 16 31 46 46
1625_0010_0007_0046_0046.jpg 1 10 7 46 46
1626_0008_0023_0050_0050.jpg 1 8 23 50 50
1627_0023_0040_0031_0031.jpg 1 23 40 31 31
1628_0037_0035_0052_0052.jpg 1 37 35 52 52
1629_0013_0028_0052_0052.jpg 1 13 28 52 52
1630_0026_0013_0046_0046.jpg 1 26 13 46 46
1631_0038_0027_0031_0031.jpg 1 38 27 31 31
1632_0007_0008_0062_0062.jpg 1 7 8 62 62
1633_0025_0014_0052_0052.jpg 1 25 14 52 52
1634_0048_0046_0034_0034.jpg 1 48 46 34 34
1635_0007_0015_0056_0056.jpg 1 7 15 56 56
1636_0026_0008_0051_0051.jpg 1 26 8 51 51
1637_0022_0026_0069_0069.jpg 1 22 26 69 69
1638_0028_0037_0050_0050.jpg 1 28 37 50 50
1639_0043_0042_0033_0033.jpg 1 43 42 33 33
1640_0004_0008_0061_0061.jpg 1 4 8 61 61
1641_0015_0045_0036_0036.jpg 1 15 45 36 36
1642_0059_0054_0026_0026.jpg 1 59 54 26 26
1643_0010_0011_0067_0067.jpg 1 10 11 67 67
1644_0035_0015_0056_0056.jpg 1 35 15 56 56
1645_0004_0025_0069_0069.jpg 1 4 25 69 69
1646_0030_0028_0055_0055.jpg 1 30 28 55 55
1647_0010_0033_0056_0056.jpg 1 10 33 56 56
1648_0037_0020_0053_0053.jpg 1 37 20 53 53
1649_0026_0034_0053_0053.jpg 1 26 34 53 53
1650_0008_0038_0038_0038.jpg 1 8 38 38 38
1651_0047_0014_0041_0041.jpg 1 47 14 41 41
1652_0030_0021_0041_0041.jpg 1 30 21 41 41
1653_0033_0024_0040_0040.jpg 1 33 24 40 40
1654_0051_0037_0027_0027.jpg 1 51 37 27 27
1655_0048_0020_0043_0043.jpg 1 48 20 43 43
1656_0022_0037_0056_0056.jpg 1 22 37 56 56
1657_0025_0012_0049_0049.jpg 1 25 12 49 49
1658_0032_0031_0036_0036.jpg 1 32 31 36 36
1659_0019_0032_0043_0043.jpg 1 19 32 43 43
1660_0020_0023_0067_0067.jpg 1 20 23 67 67
1661_0009_0004_0052_0052.jpg 1 9 4 52 52
1662_0046_0043_0032_0032.jpg 1 46 43 32 32
1663_0020_0023_0037_0037.jpg 1 20 23 37 37
